[0721/122853:INFO:CONSOLE(0)] "less: parsed file:///D:/Users/ketrao/Downloads/brackets-sprint-12/brackets-sprint-12/brackets/src/styles/brackets.less successfully.," source: file:///D:/Users/ketrao/Downloads/brackets-sprint-12/brackets-sprint-12/brackets/src/thirdparty/less-1.3.0.min.js(8)
[0721/122853:INFO:CONSOLE(0)] "less: css for file:///D:/Users/ketrao/Downloads/brackets-sprint-12/brackets-sprint-12/brackets/src/styles/brackets.less generated in 174ms," source: file:///D:/Users/ketrao/Downloads/brackets-sprint-12/brackets-sprint-12/brackets/src/thirdparty/less-1.3.0.min.js(8)
[0721/122853:INFO:CONSOLE(0)] "less: css generated in 176ms," source: file:///D:/Users/ketrao/Downloads/brackets-sprint-12/brackets-sprint-12/brackets/src/thirdparty/less-1.3.0.min.js(8)
[0721/122854:INFO:CONSOLE(0)] "[Extension] starting to load extensions/default/HTMLCodeHints," source: file:///D:/Users/ketrao/Downloads/brackets-sprint-12/brackets-sprint-12/brackets/src/utils/ExtensionLoader.js(71)
[0721/122854:INFO:CONSOLE(0)] "[Extension] starting to load extensions/default/JavaScriptQuickEdit," source: file:///D:/Users/ketrao/Downloads/brackets-sprint-12/brackets-sprint-12/brackets/src/utils/ExtensionLoader.js(71)
[0721/122854:INFO:CONSOLE(0)] "[Extension] starting to load extensions/default/QuickOpenCSS," source: file:///D:/Users/ketrao/Downloads/brackets-sprint-12/brackets-sprint-12/brackets/src/utils/ExtensionLoader.js(71)
[0721/122854:INFO:CONSOLE(0)] "[Extension] starting to load extensions/default/QuickOpenHTML," source: file:///D:/Users/ketrao/Downloads/brackets-sprint-12/brackets-sprint-12/brackets/src/utils/ExtensionLoader.js(71)
[0721/122854:INFO:CONSOLE(0)] "[Extension] starting to load extensions/default/QuickOpenJavaScript," source: file:///D:/Users/ketrao/Downloads/brackets-sprint-12/brackets-sprint-12/brackets/src/utils/ExtensionLoader.js(71)
[0721/122854:INFO:CONSOLE(0)] "[Extension] starting to load extensions/user/brackets-recent-projects," source: file:///D:/Users/ketrao/Downloads/brackets-sprint-12/brackets-sprint-12/brackets/src/utils/ExtensionLoader.js(71)
[0721/122854:INFO:CONSOLE(0)] "[Extension] finished loading extensions/default/JavaScriptQuickEdit," source: file:///D:/Users/ketrao/Downloads/brackets-sprint-12/brackets-sprint-12/brackets/src/utils/ExtensionLoader.js(74)
[0721/122854:INFO:CONSOLE(0)] "[Extension] finished loading extensions/default/QuickOpenCSS," source: file:///D:/Users/ketrao/Downloads/brackets-sprint-12/brackets-sprint-12/brackets/src/utils/ExtensionLoader.js(74)
[0721/122854:INFO:CONSOLE(0)] "[Extension] finished loading extensions/default/QuickOpenHTML," source: file:///D:/Users/ketrao/Downloads/brackets-sprint-12/brackets-sprint-12/brackets/src/utils/ExtensionLoader.js(74)
[0721/122854:INFO:CONSOLE(0)] "[Extension] finished loading extensions/default/QuickOpenJavaScript," source: file:///D:/Users/ketrao/Downloads/brackets-sprint-12/brackets-sprint-12/brackets/src/utils/ExtensionLoader.js(74)
[0721/122854:INFO:CONSOLE(0)] "[Extension] finished loading extensions/user/brackets-recent-projects," source: file:///D:/Users/ketrao/Downloads/brackets-sprint-12/brackets-sprint-12/brackets/src/utils/ExtensionLoader.js(74)
[0721/122854:INFO:CONSOLE(0)] "[Extension] finished loading extensions/default/HTMLCodeHints," source: file:///D:/Users/ketrao/Downloads/brackets-sprint-12/brackets-sprint-12/brackets/src/utils/ExtensionLoader.js(74)
[0721/144027:INFO:CONSOLE(0)] "less: parsed file:///D:/Users/ketrao/Downloads/brackets-sprint-12/brackets-sprint-12/brackets/src/styles/brackets.less successfully.," source: file:///D:/Users/ketrao/Downloads/brackets-sprint-12/brackets-sprint-12/brackets/src/thirdparty/less-1.3.0.min.js(8)
[0721/144027:INFO:CONSOLE(0)] "less: css for file:///D:/Users/ketrao/Downloads/brackets-sprint-12/brackets-sprint-12/brackets/src/styles/brackets.less generated in 156ms," source: file:///D:/Users/ketrao/Downloads/brackets-sprint-12/brackets-sprint-12/brackets/src/thirdparty/less-1.3.0.min.js(8)
[0721/144027:INFO:CONSOLE(0)] "less: css generated in 156ms," source: file:///D:/Users/ketrao/Downloads/brackets-sprint-12/brackets-sprint-12/brackets/src/thirdparty/less-1.3.0.min.js(8)
[0721/144028:INFO:CONSOLE(0)] "[Extension] starting to load extensions/default/HTMLCodeHints," source: file:///D:/Users/ketrao/Downloads/brackets-sprint-12/brackets-sprint-12/brackets/src/utils/ExtensionLoader.js(71)
[0721/144028:INFO:CONSOLE(0)] "[Extension] starting to load extensions/default/JavaScriptQuickEdit," source: file:///D:/Users/ketrao/Downloads/brackets-sprint-12/brackets-sprint-12/brackets/src/utils/ExtensionLoader.js(71)
[0721/144028:INFO:CONSOLE(0)] "[Extension] starting to load extensions/default/QuickOpenCSS," source: file:///D:/Users/ketrao/Downloads/brackets-sprint-12/brackets-sprint-12/brackets/src/utils/ExtensionLoader.js(71)
[0721/144028:INFO:CONSOLE(0)] "[Extension] starting to load extensions/default/QuickOpenHTML," source: file:///D:/Users/ketrao/Downloads/brackets-sprint-12/brackets-sprint-12/brackets/src/utils/ExtensionLoader.js(71)
[0721/144028:INFO:CONSOLE(0)] "[Extension] starting to load extensions/default/QuickOpenJavaScript," source: file:///D:/Users/ketrao/Downloads/brackets-sprint-12/brackets-sprint-12/brackets/src/utils/ExtensionLoader.js(71)
[0721/144028:INFO:CONSOLE(0)] "[Extension] starting to load extensions/user/brackets-recent-projects," source: file:///D:/Users/ketrao/Downloads/brackets-sprint-12/brackets-sprint-12/brackets/src/utils/ExtensionLoader.js(71)
[0721/144028:INFO:CONSOLE(0)] "[Extension] finished loading extensions/default/JavaScriptQuickEdit," source: file:///D:/Users/ketrao/Downloads/brackets-sprint-12/brackets-sprint-12/brackets/src/utils/ExtensionLoader.js(74)
[0721/144028:INFO:CONSOLE(0)] "[Extension] finished loading extensions/default/QuickOpenCSS," source: file:///D:/Users/ketrao/Downloads/brackets-sprint-12/brackets-sprint-12/brackets/src/utils/ExtensionLoader.js(74)
[0721/144028:INFO:CONSOLE(0)] "[Extension] finished loading extensions/default/QuickOpenHTML," source: file:///D:/Users/ketrao/Downloads/brackets-sprint-12/brackets-sprint-12/brackets/src/utils/ExtensionLoader.js(74)
[0721/144028:INFO:CONSOLE(0)] "[Extension] finished loading extensions/default/QuickOpenJavaScript," source: file:///D:/Users/ketrao/Downloads/brackets-sprint-12/brackets-sprint-12/brackets/src/utils/ExtensionLoader.js(74)
[0721/144028:INFO:CONSOLE(0)] "[Extension] finished loading extensions/user/brackets-recent-projects," source: file:///D:/Users/ketrao/Downloads/brackets-sprint-12/brackets-sprint-12/brackets/src/utils/ExtensionLoader.js(74)
[0721/144028:INFO:CONSOLE(0)] "[Extension] finished loading extensions/default/HTMLCodeHints," source: file:///D:/Users/ketrao/Downloads/brackets-sprint-12/brackets-sprint-12/brackets/src/utils/ExtensionLoader.js(74)
[0721/144039:INFO:CONSOLE(0)] "Recent projects: C:/xampp/htdocs/QUICK/,C:/xampp/htdocs/ResourceManagement/,D:/Users/ketrao/Downloads/brackets-sprint-12/brackets-sprint-12/brackets/src/," source: file:///D:/Users/ketrao/Downloads/brackets-sprint-12/brackets-sprint-12/brackets/src/extensions/user/brackets-recent-projects/main.js(58)
[0721/144039:INFO:CONSOLE(0)] "Recent projects: C:/xampp/htdocs/bootstrap-3.2.0-dist/,C:/xampp/htdocs/QUICK/,C:/xampp/htdocs/ResourceManagement/,D:/Users/ketrao/Downloads/brackets-sprint-12/brackets-sprint-12/brackets/src/," source: file:///D:/Users/ketrao/Downloads/brackets-sprint-12/brackets-sprint-12/brackets/src/extensions/user/brackets-recent-projects/main.js(58)
[0721/144223:INFO:CONSOLE(0)] "less: parsed file:///D:/Users/ketrao/Downloads/brackets-sprint-12/brackets-sprint-12/brackets/src/styles/brackets.less successfully.," source: file:///D:/Users/ketrao/Downloads/brackets-sprint-12/brackets-sprint-12/brackets/src/thirdparty/less-1.3.0.min.js(8)
[0721/144223:INFO:CONSOLE(0)] "less: css for file:///D:/Users/ketrao/Downloads/brackets-sprint-12/brackets-sprint-12/brackets/src/styles/brackets.less generated in 156ms," source: file:///D:/Users/ketrao/Downloads/brackets-sprint-12/brackets-sprint-12/brackets/src/thirdparty/less-1.3.0.min.js(8)
[0721/144223:INFO:CONSOLE(0)] "less: css generated in 156ms," source: file:///D:/Users/ketrao/Downloads/brackets-sprint-12/brackets-sprint-12/brackets/src/thirdparty/less-1.3.0.min.js(8)
[0721/144224:INFO:CONSOLE(0)] "[Extension] starting to load extensions/default/HTMLCodeHints," source: file:///D:/Users/ketrao/Downloads/brackets-sprint-12/brackets-sprint-12/brackets/src/utils/ExtensionLoader.js(71)
[0721/144224:INFO:CONSOLE(0)] "[Extension] starting to load extensions/default/JavaScriptQuickEdit," source: file:///D:/Users/ketrao/Downloads/brackets-sprint-12/brackets-sprint-12/brackets/src/utils/ExtensionLoader.js(71)
[0721/144224:INFO:CONSOLE(0)] "[Extension] starting to load extensions/default/QuickOpenCSS," source: file:///D:/Users/ketrao/Downloads/brackets-sprint-12/brackets-sprint-12/brackets/src/utils/ExtensionLoader.js(71)
[0721/144224:INFO:CONSOLE(0)] "[Extension] starting to load extensions/default/QuickOpenHTML," source: file:///D:/Users/ketrao/Downloads/brackets-sprint-12/brackets-sprint-12/brackets/src/utils/ExtensionLoader.js(71)
[0721/144224:INFO:CONSOLE(0)] "[Extension] starting to load extensions/default/QuickOpenJavaScript," source: file:///D:/Users/ketrao/Downloads/brackets-sprint-12/brackets-sprint-12/brackets/src/utils/ExtensionLoader.js(71)
[0721/144224:INFO:CONSOLE(0)] "[Extension] starting to load extensions/user/brackets-recent-projects," source: file:///D:/Users/ketrao/Downloads/brackets-sprint-12/brackets-sprint-12/brackets/src/utils/ExtensionLoader.js(71)
[0721/144224:INFO:CONSOLE(0)] "[Extension] finished loading extensions/default/JavaScriptQuickEdit," source: file:///D:/Users/ketrao/Downloads/brackets-sprint-12/brackets-sprint-12/brackets/src/utils/ExtensionLoader.js(74)
[0721/144224:INFO:CONSOLE(0)] "[Extension] finished loading extensions/default/QuickOpenCSS," source: file:///D:/Users/ketrao/Downloads/brackets-sprint-12/brackets-sprint-12/brackets/src/utils/ExtensionLoader.js(74)
[0721/144224:INFO:CONSOLE(0)] "[Extension] finished loading extensions/default/QuickOpenHTML," source: file:///D:/Users/ketrao/Downloads/brackets-sprint-12/brackets-sprint-12/brackets/src/utils/ExtensionLoader.js(74)
[0721/144224:INFO:CONSOLE(0)] "[Extension] finished loading extensions/default/QuickOpenJavaScript," source: file:///D:/Users/ketrao/Downloads/brackets-sprint-12/brackets-sprint-12/brackets/src/utils/ExtensionLoader.js(74)
[0721/144224:INFO:CONSOLE(0)] "[Extension] finished loading extensions/user/brackets-recent-projects," source: file:///D:/Users/ketrao/Downloads/brackets-sprint-12/brackets-sprint-12/brackets/src/utils/ExtensionLoader.js(74)
[0721/144224:INFO:CONSOLE(0)] "[Extension] finished loading extensions/default/HTMLCodeHints," source: file:///D:/Users/ketrao/Downloads/brackets-sprint-12/brackets-sprint-12/brackets/src/utils/ExtensionLoader.js(74)
[0721/144550:INFO:CONSOLE(0)] "Recent projects: C:/xampp/htdocs/bootstrap-3.2.0-dist/,C:/xampp/htdocs/QUICK/,C:/xampp/htdocs/ResourceManagement/,D:/Users/ketrao/Downloads/brackets-sprint-12/brackets-sprint-12/brackets/src/," source: file:///D:/Users/ketrao/Downloads/brackets-sprint-12/brackets-sprint-12/brackets/src/extensions/user/brackets-recent-projects/main.js(58)
[0721/144829:INFO:CONSOLE(0)] "less: parsed file:///D:/Users/ketrao/Downloads/brackets-sprint-12/brackets-sprint-12/brackets/src/styles/brackets.less successfully.," source: file:///D:/Users/ketrao/Downloads/brackets-sprint-12/brackets-sprint-12/brackets/src/thirdparty/less-1.3.0.min.js(8)
[0721/144829:INFO:CONSOLE(0)] "less: css for file:///D:/Users/ketrao/Downloads/brackets-sprint-12/brackets-sprint-12/brackets/src/styles/brackets.less generated in 141ms," source: file:///D:/Users/ketrao/Downloads/brackets-sprint-12/brackets-sprint-12/brackets/src/thirdparty/less-1.3.0.min.js(8)
[0721/144829:INFO:CONSOLE(0)] "less: css generated in 141ms," source: file:///D:/Users/ketrao/Downloads/brackets-sprint-12/brackets-sprint-12/brackets/src/thirdparty/less-1.3.0.min.js(8)
[0721/144830:INFO:CONSOLE(0)] "[Extension] starting to load extensions/default/HTMLCodeHints," source: file:///D:/Users/ketrao/Downloads/brackets-sprint-12/brackets-sprint-12/brackets/src/utils/ExtensionLoader.js(71)
[0721/144830:INFO:CONSOLE(0)] "[Extension] starting to load extensions/default/JavaScriptQuickEdit," source: file:///D:/Users/ketrao/Downloads/brackets-sprint-12/brackets-sprint-12/brackets/src/utils/ExtensionLoader.js(71)
[0721/144830:INFO:CONSOLE(0)] "[Extension] starting to load extensions/default/QuickOpenCSS," source: file:///D:/Users/ketrao/Downloads/brackets-sprint-12/brackets-sprint-12/brackets/src/utils/ExtensionLoader.js(71)
[0721/144830:INFO:CONSOLE(0)] "[Extension] starting to load extensions/default/QuickOpenHTML," source: file:///D:/Users/ketrao/Downloads/brackets-sprint-12/brackets-sprint-12/brackets/src/utils/ExtensionLoader.js(71)
[0721/144830:INFO:CONSOLE(0)] "[Extension] starting to load extensions/default/QuickOpenJavaScript," source: file:///D:/Users/ketrao/Downloads/brackets-sprint-12/brackets-sprint-12/brackets/src/utils/ExtensionLoader.js(71)
[0721/144830:INFO:CONSOLE(0)] "[Extension] starting to load extensions/user/brackets-recent-projects," source: file:///D:/Users/ketrao/Downloads/brackets-sprint-12/brackets-sprint-12/brackets/src/utils/ExtensionLoader.js(71)
[0721/144830:INFO:CONSOLE(0)] "[Extension] finished loading extensions/default/JavaScriptQuickEdit," source: file:///D:/Users/ketrao/Downloads/brackets-sprint-12/brackets-sprint-12/brackets/src/utils/ExtensionLoader.js(74)
[0721/144830:INFO:CONSOLE(0)] "[Extension] finished loading extensions/default/QuickOpenCSS," source: file:///D:/Users/ketrao/Downloads/brackets-sprint-12/brackets-sprint-12/brackets/src/utils/ExtensionLoader.js(74)
[0721/144830:INFO:CONSOLE(0)] "[Extension] finished loading extensions/default/QuickOpenHTML," source: file:///D:/Users/ketrao/Downloads/brackets-sprint-12/brackets-sprint-12/brackets/src/utils/ExtensionLoader.js(74)
[0721/144830:INFO:CONSOLE(0)] "[Extension] finished loading extensions/default/QuickOpenJavaScript," source: file:///D:/Users/ketrao/Downloads/brackets-sprint-12/brackets-sprint-12/brackets/src/utils/ExtensionLoader.js(74)
[0721/144830:INFO:CONSOLE(0)] "[Extension] finished loading extensions/user/brackets-recent-projects," source: file:///D:/Users/ketrao/Downloads/brackets-sprint-12/brackets-sprint-12/brackets/src/utils/ExtensionLoader.js(74)
[0721/144830:INFO:CONSOLE(0)] "[Extension] finished loading extensions/default/HTMLCodeHints," source: file:///D:/Users/ketrao/Downloads/brackets-sprint-12/brackets-sprint-12/brackets/src/utils/ExtensionLoader.js(74)
[0721/144834:INFO:CONSOLE(0)] "less: parsed file:///D:/Users/ketrao/Downloads/brackets-sprint-12/brackets-sprint-12/brackets/src/styles/brackets.less successfully.," source: file:///D:/Users/ketrao/Downloads/brackets-sprint-12/brackets-sprint-12/brackets/src/thirdparty/less-1.3.0.min.js(8)
[0721/144834:INFO:CONSOLE(0)] "less: css for file:///D:/Users/ketrao/Downloads/brackets-sprint-12/brackets-sprint-12/brackets/src/styles/brackets.less generated in 156ms," source: file:///D:/Users/ketrao/Downloads/brackets-sprint-12/brackets-sprint-12/brackets/src/thirdparty/less-1.3.0.min.js(8)
[0721/144834:INFO:CONSOLE(0)] "less: css generated in 156ms," source: file:///D:/Users/ketrao/Downloads/brackets-sprint-12/brackets-sprint-12/brackets/src/thirdparty/less-1.3.0.min.js(8)
[0721/144835:INFO:CONSOLE(0)] "[Extension] starting to load extensions/default/HTMLCodeHints," source: file:///D:/Users/ketrao/Downloads/brackets-sprint-12/brackets-sprint-12/brackets/src/utils/ExtensionLoader.js(71)
[0721/144835:INFO:CONSOLE(0)] "[Extension] starting to load extensions/default/JavaScriptQuickEdit," source: file:///D:/Users/ketrao/Downloads/brackets-sprint-12/brackets-sprint-12/brackets/src/utils/ExtensionLoader.js(71)
[0721/144835:INFO:CONSOLE(0)] "[Extension] starting to load extensions/default/QuickOpenCSS," source: file:///D:/Users/ketrao/Downloads/brackets-sprint-12/brackets-sprint-12/brackets/src/utils/ExtensionLoader.js(71)
[0721/144835:INFO:CONSOLE(0)] "[Extension] starting to load extensions/default/QuickOpenHTML," source: file:///D:/Users/ketrao/Downloads/brackets-sprint-12/brackets-sprint-12/brackets/src/utils/ExtensionLoader.js(71)
[0721/144835:INFO:CONSOLE(0)] "[Extension] starting to load extensions/default/QuickOpenJavaScript," source: file:///D:/Users/ketrao/Downloads/brackets-sprint-12/brackets-sprint-12/brackets/src/utils/ExtensionLoader.js(71)
[0721/144835:INFO:CONSOLE(0)] "[Extension] starting to load extensions/user/brackets-recent-projects," source: file:///D:/Users/ketrao/Downloads/brackets-sprint-12/brackets-sprint-12/brackets/src/utils/ExtensionLoader.js(71)
[0721/144835:INFO:CONSOLE(0)] "[Extension] finished loading extensions/default/JavaScriptQuickEdit," source: file:///D:/Users/ketrao/Downloads/brackets-sprint-12/brackets-sprint-12/brackets/src/utils/ExtensionLoader.js(74)
[0721/144835:INFO:CONSOLE(0)] "[Extension] finished loading extensions/default/QuickOpenCSS," source: file:///D:/Users/ketrao/Downloads/brackets-sprint-12/brackets-sprint-12/brackets/src/utils/ExtensionLoader.js(74)
[0721/144835:INFO:CONSOLE(0)] "[Extension] finished loading extensions/default/QuickOpenHTML," source: file:///D:/Users/ketrao/Downloads/brackets-sprint-12/brackets-sprint-12/brackets/src/utils/ExtensionLoader.js(74)
[0721/144835:INFO:CONSOLE(0)] "[Extension] finished loading extensions/default/QuickOpenJavaScript," source: file:///D:/Users/ketrao/Downloads/brackets-sprint-12/brackets-sprint-12/brackets/src/utils/ExtensionLoader.js(74)
[0721/144835:INFO:CONSOLE(0)] "[Extension] finished loading extensions/user/brackets-recent-projects," source: file:///D:/Users/ketrao/Downloads/brackets-sprint-12/brackets-sprint-12/brackets/src/utils/ExtensionLoader.js(74)
[0721/144835:INFO:CONSOLE(0)] "[Extension] finished loading extensions/default/HTMLCodeHints," source: file:///D:/Users/ketrao/Downloads/brackets-sprint-12/brackets-sprint-12/brackets/src/utils/ExtensionLoader.js(74)
[0721/145337:INFO:CONSOLE(0)] "less: parsed file:///D:/Users/ketrao/Downloads/brackets-sprint-12/brackets-sprint-12/brackets/src/styles/brackets.less successfully.," source: file:///D:/Users/ketrao/Downloads/brackets-sprint-12/brackets-sprint-12/brackets/src/thirdparty/less-1.3.0.min.js(8)
[0721/145337:INFO:CONSOLE(0)] "less: css for file:///D:/Users/ketrao/Downloads/brackets-sprint-12/brackets-sprint-12/brackets/src/styles/brackets.less generated in 156ms," source: file:///D:/Users/ketrao/Downloads/brackets-sprint-12/brackets-sprint-12/brackets/src/thirdparty/less-1.3.0.min.js(8)
[0721/145337:INFO:CONSOLE(0)] "less: css generated in 156ms," source: file:///D:/Users/ketrao/Downloads/brackets-sprint-12/brackets-sprint-12/brackets/src/thirdparty/less-1.3.0.min.js(8)
[0721/145338:INFO:CONSOLE(0)] "[Extension] starting to load extensions/default/HTMLCodeHints," source: file:///D:/Users/ketrao/Downloads/brackets-sprint-12/brackets-sprint-12/brackets/src/utils/ExtensionLoader.js(71)
[0721/145338:INFO:CONSOLE(0)] "[Extension] starting to load extensions/default/JavaScriptQuickEdit," source: file:///D:/Users/ketrao/Downloads/brackets-sprint-12/brackets-sprint-12/brackets/src/utils/ExtensionLoader.js(71)
[0721/145338:INFO:CONSOLE(0)] "[Extension] starting to load extensions/default/QuickOpenCSS," source: file:///D:/Users/ketrao/Downloads/brackets-sprint-12/brackets-sprint-12/brackets/src/utils/ExtensionLoader.js(71)
[0721/145338:INFO:CONSOLE(0)] "[Extension] starting to load extensions/default/QuickOpenHTML," source: file:///D:/Users/ketrao/Downloads/brackets-sprint-12/brackets-sprint-12/brackets/src/utils/ExtensionLoader.js(71)
[0721/145338:INFO:CONSOLE(0)] "[Extension] starting to load extensions/default/QuickOpenJavaScript," source: file:///D:/Users/ketrao/Downloads/brackets-sprint-12/brackets-sprint-12/brackets/src/utils/ExtensionLoader.js(71)
[0721/145338:INFO:CONSOLE(0)] "[Extension] starting to load extensions/user/brackets-recent-projects," source: file:///D:/Users/ketrao/Downloads/brackets-sprint-12/brackets-sprint-12/brackets/src/utils/ExtensionLoader.js(71)
[0721/145338:INFO:CONSOLE(0)] "[Extension] finished loading extensions/default/JavaScriptQuickEdit," source: file:///D:/Users/ketrao/Downloads/brackets-sprint-12/brackets-sprint-12/brackets/src/utils/ExtensionLoader.js(74)
[0721/145338:INFO:CONSOLE(0)] "[Extension] finished loading extensions/default/QuickOpenCSS," source: file:///D:/Users/ketrao/Downloads/brackets-sprint-12/brackets-sprint-12/brackets/src/utils/ExtensionLoader.js(74)
[0721/145338:INFO:CONSOLE(0)] "[Extension] finished loading extensions/default/QuickOpenHTML," source: file:///D:/Users/ketrao/Downloads/brackets-sprint-12/brackets-sprint-12/brackets/src/utils/ExtensionLoader.js(74)
[0721/145338:INFO:CONSOLE(0)] "[Extension] finished loading extensions/default/QuickOpenJavaScript," source: file:///D:/Users/ketrao/Downloads/brackets-sprint-12/brackets-sprint-12/brackets/src/utils/ExtensionLoader.js(74)
[0721/145338:INFO:CONSOLE(0)] "[Extension] finished loading extensions/user/brackets-recent-projects," source: file:///D:/Users/ketrao/Downloads/brackets-sprint-12/brackets-sprint-12/brackets/src/utils/ExtensionLoader.js(74)
[0721/145338:INFO:CONSOLE(0)] "[Extension] finished loading extensions/default/HTMLCodeHints," source: file:///D:/Users/ketrao/Downloads/brackets-sprint-12/brackets-sprint-12/brackets/src/utils/ExtensionLoader.js(74)
[0721/150428:INFO:CONSOLE(0)] "less: parsed file:///D:/Users/ketrao/Downloads/brackets-sprint-12/brackets-sprint-12/brackets/src/styles/brackets.less successfully.," source: file:///D:/Users/ketrao/Downloads/brackets-sprint-12/brackets-sprint-12/brackets/src/thirdparty/less-1.3.0.min.js(8)
[0721/150429:INFO:CONSOLE(0)] "less: css for file:///D:/Users/ketrao/Downloads/brackets-sprint-12/brackets-sprint-12/brackets/src/styles/brackets.less generated in 156ms," source: file:///D:/Users/ketrao/Downloads/brackets-sprint-12/brackets-sprint-12/brackets/src/thirdparty/less-1.3.0.min.js(8)
[0721/150429:INFO:CONSOLE(0)] "less: css generated in 156ms," source: file:///D:/Users/ketrao/Downloads/brackets-sprint-12/brackets-sprint-12/brackets/src/thirdparty/less-1.3.0.min.js(8)
[0721/150429:INFO:CONSOLE(0)] "[Extension] starting to load extensions/default/HTMLCodeHints," source: file:///D:/Users/ketrao/Downloads/brackets-sprint-12/brackets-sprint-12/brackets/src/utils/ExtensionLoader.js(71)
[0721/150429:INFO:CONSOLE(0)] "[Extension] starting to load extensions/default/JavaScriptQuickEdit," source: file:///D:/Users/ketrao/Downloads/brackets-sprint-12/brackets-sprint-12/brackets/src/utils/ExtensionLoader.js(71)
[0721/150429:INFO:CONSOLE(0)] "[Extension] starting to load extensions/default/QuickOpenCSS," source: file:///D:/Users/ketrao/Downloads/brackets-sprint-12/brackets-sprint-12/brackets/src/utils/ExtensionLoader.js(71)
[0721/150429:INFO:CONSOLE(0)] "[Extension] starting to load extensions/default/QuickOpenHTML," source: file:///D:/Users/ketrao/Downloads/brackets-sprint-12/brackets-sprint-12/brackets/src/utils/ExtensionLoader.js(71)
[0721/150429:INFO:CONSOLE(0)] "[Extension] starting to load extensions/default/QuickOpenJavaScript," source: file:///D:/Users/ketrao/Downloads/brackets-sprint-12/brackets-sprint-12/brackets/src/utils/ExtensionLoader.js(71)
[0721/150429:INFO:CONSOLE(0)] "[Extension] starting to load extensions/user/brackets-recent-projects," source: file:///D:/Users/ketrao/Downloads/brackets-sprint-12/brackets-sprint-12/brackets/src/utils/ExtensionLoader.js(71)
[0721/150429:INFO:CONSOLE(0)] "[Extension] finished loading extensions/default/JavaScriptQuickEdit," source: file:///D:/Users/ketrao/Downloads/brackets-sprint-12/brackets-sprint-12/brackets/src/utils/ExtensionLoader.js(74)
[0721/150429:INFO:CONSOLE(0)] "[Extension] finished loading extensions/default/QuickOpenCSS," source: file:///D:/Users/ketrao/Downloads/brackets-sprint-12/brackets-sprint-12/brackets/src/utils/ExtensionLoader.js(74)
[0721/150429:INFO:CONSOLE(0)] "[Extension] finished loading extensions/default/QuickOpenHTML," source: file:///D:/Users/ketrao/Downloads/brackets-sprint-12/brackets-sprint-12/brackets/src/utils/ExtensionLoader.js(74)
[0721/150429:INFO:CONSOLE(0)] "[Extension] finished loading extensions/default/QuickOpenJavaScript," source: file:///D:/Users/ketrao/Downloads/brackets-sprint-12/brackets-sprint-12/brackets/src/utils/ExtensionLoader.js(74)
[0721/150429:INFO:CONSOLE(0)] "[Extension] finished loading extensions/user/brackets-recent-projects," source: file:///D:/Users/ketrao/Downloads/brackets-sprint-12/brackets-sprint-12/brackets/src/utils/ExtensionLoader.js(74)
[0721/150430:INFO:CONSOLE(0)] "[Extension] finished loading extensions/default/HTMLCodeHints," source: file:///D:/Users/ketrao/Downloads/brackets-sprint-12/brackets-sprint-12/brackets/src/utils/ExtensionLoader.js(74)
[0721/150916:INFO:CONSOLE(0)] "less: parsed file:///D:/Users/ketrao/Downloads/brackets-sprint-12/brackets-sprint-12/brackets/src/styles/brackets.less successfully.," source: file:///D:/Users/ketrao/Downloads/brackets-sprint-12/brackets-sprint-12/brackets/src/thirdparty/less-1.3.0.min.js(8)
[0721/150916:INFO:CONSOLE(0)] "less: css for file:///D:/Users/ketrao/Downloads/brackets-sprint-12/brackets-sprint-12/brackets/src/styles/brackets.less generated in 156ms," source: file:///D:/Users/ketrao/Downloads/brackets-sprint-12/brackets-sprint-12/brackets/src/thirdparty/less-1.3.0.min.js(8)
[0721/150916:INFO:CONSOLE(0)] "less: css generated in 156ms," source: file:///D:/Users/ketrao/Downloads/brackets-sprint-12/brackets-sprint-12/brackets/src/thirdparty/less-1.3.0.min.js(8)
[0721/150917:INFO:CONSOLE(0)] "[Extension] starting to load extensions/default/HTMLCodeHints," source: file:///D:/Users/ketrao/Downloads/brackets-sprint-12/brackets-sprint-12/brackets/src/utils/ExtensionLoader.js(71)
[0721/150917:INFO:CONSOLE(0)] "[Extension] starting to load extensions/default/JavaScriptQuickEdit," source: file:///D:/Users/ketrao/Downloads/brackets-sprint-12/brackets-sprint-12/brackets/src/utils/ExtensionLoader.js(71)
[0721/150917:INFO:CONSOLE(0)] "[Extension] starting to load extensions/default/QuickOpenCSS," source: file:///D:/Users/ketrao/Downloads/brackets-sprint-12/brackets-sprint-12/brackets/src/utils/ExtensionLoader.js(71)
[0721/150917:INFO:CONSOLE(0)] "[Extension] starting to load extensions/default/QuickOpenHTML," source: file:///D:/Users/ketrao/Downloads/brackets-sprint-12/brackets-sprint-12/brackets/src/utils/ExtensionLoader.js(71)
[0721/150917:INFO:CONSOLE(0)] "[Extension] starting to load extensions/default/QuickOpenJavaScript," source: file:///D:/Users/ketrao/Downloads/brackets-sprint-12/brackets-sprint-12/brackets/src/utils/ExtensionLoader.js(71)
[0721/150917:INFO:CONSOLE(0)] "[Extension] starting to load extensions/user/brackets-recent-projects," source: file:///D:/Users/ketrao/Downloads/brackets-sprint-12/brackets-sprint-12/brackets/src/utils/ExtensionLoader.js(71)
[0721/150917:INFO:CONSOLE(0)] "[Extension] finished loading extensions/default/JavaScriptQuickEdit," source: file:///D:/Users/ketrao/Downloads/brackets-sprint-12/brackets-sprint-12/brackets/src/utils/ExtensionLoader.js(74)
[0721/150917:INFO:CONSOLE(0)] "[Extension] finished loading extensions/default/QuickOpenCSS," source: file:///D:/Users/ketrao/Downloads/brackets-sprint-12/brackets-sprint-12/brackets/src/utils/ExtensionLoader.js(74)
[0721/150917:INFO:CONSOLE(0)] "[Extension] finished loading extensions/default/QuickOpenHTML," source: file:///D:/Users/ketrao/Downloads/brackets-sprint-12/brackets-sprint-12/brackets/src/utils/ExtensionLoader.js(74)
[0721/150917:INFO:CONSOLE(0)] "[Extension] finished loading extensions/default/QuickOpenJavaScript," source: file:///D:/Users/ketrao/Downloads/brackets-sprint-12/brackets-sprint-12/brackets/src/utils/ExtensionLoader.js(74)
[0721/150917:INFO:CONSOLE(0)] "[Extension] finished loading extensions/user/brackets-recent-projects," source: file:///D:/Users/ketrao/Downloads/brackets-sprint-12/brackets-sprint-12/brackets/src/utils/ExtensionLoader.js(74)
[0721/150917:INFO:CONSOLE(0)] "[Extension] finished loading extensions/default/HTMLCodeHints," source: file:///D:/Users/ketrao/Downloads/brackets-sprint-12/brackets-sprint-12/brackets/src/utils/ExtensionLoader.js(74)
[0721/151128:INFO:CONSOLE(0)] "less: parsed file:///D:/Users/ketrao/Downloads/brackets-sprint-12/brackets-sprint-12/brackets/src/styles/brackets.less successfully.," source: file:///D:/Users/ketrao/Downloads/brackets-sprint-12/brackets-sprint-12/brackets/src/thirdparty/less-1.3.0.min.js(8)
[0721/151128:INFO:CONSOLE(0)] "less: css for file:///D:/Users/ketrao/Downloads/brackets-sprint-12/brackets-sprint-12/brackets/src/styles/brackets.less generated in 188ms," source: file:///D:/Users/ketrao/Downloads/brackets-sprint-12/brackets-sprint-12/brackets/src/thirdparty/less-1.3.0.min.js(8)
[0721/151128:INFO:CONSOLE(0)] "less: css generated in 188ms," source: file:///D:/Users/ketrao/Downloads/brackets-sprint-12/brackets-sprint-12/brackets/src/thirdparty/less-1.3.0.min.js(8)
[0721/151129:INFO:CONSOLE(0)] "[Extension] starting to load extensions/default/HTMLCodeHints," source: file:///D:/Users/ketrao/Downloads/brackets-sprint-12/brackets-sprint-12/brackets/src/utils/ExtensionLoader.js(71)
[0721/151129:INFO:CONSOLE(0)] "[Extension] starting to load extensions/default/JavaScriptQuickEdit," source: file:///D:/Users/ketrao/Downloads/brackets-sprint-12/brackets-sprint-12/brackets/src/utils/ExtensionLoader.js(71)
[0721/151129:INFO:CONSOLE(0)] "[Extension] starting to load extensions/default/QuickOpenCSS," source: file:///D:/Users/ketrao/Downloads/brackets-sprint-12/brackets-sprint-12/brackets/src/utils/ExtensionLoader.js(71)
[0721/151129:INFO:CONSOLE(0)] "[Extension] starting to load extensions/default/QuickOpenHTML," source: file:///D:/Users/ketrao/Downloads/brackets-sprint-12/brackets-sprint-12/brackets/src/utils/ExtensionLoader.js(71)
[0721/151129:INFO:CONSOLE(0)] "[Extension] starting to load extensions/default/QuickOpenJavaScript," source: file:///D:/Users/ketrao/Downloads/brackets-sprint-12/brackets-sprint-12/brackets/src/utils/ExtensionLoader.js(71)
[0721/151129:INFO:CONSOLE(0)] "[Extension] starting to load extensions/user/brackets-recent-projects," source: file:///D:/Users/ketrao/Downloads/brackets-sprint-12/brackets-sprint-12/brackets/src/utils/ExtensionLoader.js(71)
[0721/151129:INFO:CONSOLE(0)] "[Extension] finished loading extensions/default/JavaScriptQuickEdit," source: file:///D:/Users/ketrao/Downloads/brackets-sprint-12/brackets-sprint-12/brackets/src/utils/ExtensionLoader.js(74)
[0721/151129:INFO:CONSOLE(0)] "[Extension] finished loading extensions/default/QuickOpenCSS," source: file:///D:/Users/ketrao/Downloads/brackets-sprint-12/brackets-sprint-12/brackets/src/utils/ExtensionLoader.js(74)
[0721/151129:INFO:CONSOLE(0)] "[Extension] finished loading extensions/default/QuickOpenHTML," source: file:///D:/Users/ketrao/Downloads/brackets-sprint-12/brackets-sprint-12/brackets/src/utils/ExtensionLoader.js(74)
[0721/151129:INFO:CONSOLE(0)] "[Extension] finished loading extensions/default/QuickOpenJavaScript," source: file:///D:/Users/ketrao/Downloads/brackets-sprint-12/brackets-sprint-12/brackets/src/utils/ExtensionLoader.js(74)
[0721/151129:INFO:CONSOLE(0)] "[Extension] finished loading extensions/user/brackets-recent-projects," source: file:///D:/Users/ketrao/Downloads/brackets-sprint-12/brackets-sprint-12/brackets/src/utils/ExtensionLoader.js(74)
[0721/151129:INFO:CONSOLE(0)] "[Extension] finished loading extensions/default/HTMLCodeHints," source: file:///D:/Users/ketrao/Downloads/brackets-sprint-12/brackets-sprint-12/brackets/src/utils/ExtensionLoader.js(74)
[0721/151313:INFO:CONSOLE(0)] "less: parsed file:///D:/Users/ketrao/Downloads/brackets-sprint-12/brackets-sprint-12/brackets/src/styles/brackets.less successfully.," source: file:///D:/Users/ketrao/Downloads/brackets-sprint-12/brackets-sprint-12/brackets/src/thirdparty/less-1.3.0.min.js(8)
[0721/151313:INFO:CONSOLE(0)] "less: css for file:///D:/Users/ketrao/Downloads/brackets-sprint-12/brackets-sprint-12/brackets/src/styles/brackets.less generated in 156ms," source: file:///D:/Users/ketrao/Downloads/brackets-sprint-12/brackets-sprint-12/brackets/src/thirdparty/less-1.3.0.min.js(8)
[0721/151313:INFO:CONSOLE(0)] "less: css generated in 156ms," source: file:///D:/Users/ketrao/Downloads/brackets-sprint-12/brackets-sprint-12/brackets/src/thirdparty/less-1.3.0.min.js(8)
[0721/151314:INFO:CONSOLE(0)] "[Extension] starting to load extensions/default/HTMLCodeHints," source: file:///D:/Users/ketrao/Downloads/brackets-sprint-12/brackets-sprint-12/brackets/src/utils/ExtensionLoader.js(71)
[0721/151314:INFO:CONSOLE(0)] "[Extension] starting to load extensions/default/JavaScriptQuickEdit," source: file:///D:/Users/ketrao/Downloads/brackets-sprint-12/brackets-sprint-12/brackets/src/utils/ExtensionLoader.js(71)
[0721/151314:INFO:CONSOLE(0)] "[Extension] starting to load extensions/default/QuickOpenCSS," source: file:///D:/Users/ketrao/Downloads/brackets-sprint-12/brackets-sprint-12/brackets/src/utils/ExtensionLoader.js(71)
[0721/151314:INFO:CONSOLE(0)] "[Extension] starting to load extensions/default/QuickOpenHTML," source: file:///D:/Users/ketrao/Downloads/brackets-sprint-12/brackets-sprint-12/brackets/src/utils/ExtensionLoader.js(71)
[0721/151314:INFO:CONSOLE(0)] "[Extension] starting to load extensions/default/QuickOpenJavaScript," source: file:///D:/Users/ketrao/Downloads/brackets-sprint-12/brackets-sprint-12/brackets/src/utils/ExtensionLoader.js(71)
[0721/151314:INFO:CONSOLE(0)] "[Extension] starting to load extensions/user/brackets-recent-projects," source: file:///D:/Users/ketrao/Downloads/brackets-sprint-12/brackets-sprint-12/brackets/src/utils/ExtensionLoader.js(71)
[0721/151314:INFO:CONSOLE(0)] "[Extension] finished loading extensions/default/JavaScriptQuickEdit," source: file:///D:/Users/ketrao/Downloads/brackets-sprint-12/brackets-sprint-12/brackets/src/utils/ExtensionLoader.js(74)
[0721/151314:INFO:CONSOLE(0)] "[Extension] finished loading extensions/default/QuickOpenCSS," source: file:///D:/Users/ketrao/Downloads/brackets-sprint-12/brackets-sprint-12/brackets/src/utils/ExtensionLoader.js(74)
[0721/151314:INFO:CONSOLE(0)] "[Extension] finished loading extensions/default/QuickOpenHTML," source: file:///D:/Users/ketrao/Downloads/brackets-sprint-12/brackets-sprint-12/brackets/src/utils/ExtensionLoader.js(74)
[0721/151314:INFO:CONSOLE(0)] "[Extension] finished loading extensions/default/QuickOpenJavaScript," source: file:///D:/Users/ketrao/Downloads/brackets-sprint-12/brackets-sprint-12/brackets/src/utils/ExtensionLoader.js(74)
[0721/151314:INFO:CONSOLE(0)] "[Extension] finished loading extensions/user/brackets-recent-projects," source: file:///D:/Users/ketrao/Downloads/brackets-sprint-12/brackets-sprint-12/brackets/src/utils/ExtensionLoader.js(74)
[0721/151314:INFO:CONSOLE(0)] "[Extension] finished loading extensions/default/HTMLCodeHints," source: file:///D:/Users/ketrao/Downloads/brackets-sprint-12/brackets-sprint-12/brackets/src/utils/ExtensionLoader.js(74)
[0721/151734:INFO:CONSOLE(0)] "less: parsed file:///D:/Users/ketrao/Downloads/brackets-sprint-12/brackets-sprint-12/brackets/src/styles/brackets.less successfully.," source: file:///D:/Users/ketrao/Downloads/brackets-sprint-12/brackets-sprint-12/brackets/src/thirdparty/less-1.3.0.min.js(8)
[0721/151734:INFO:CONSOLE(0)] "less: css for file:///D:/Users/ketrao/Downloads/brackets-sprint-12/brackets-sprint-12/brackets/src/styles/brackets.less generated in 156ms," source: file:///D:/Users/ketrao/Downloads/brackets-sprint-12/brackets-sprint-12/brackets/src/thirdparty/less-1.3.0.min.js(8)
[0721/151734:INFO:CONSOLE(0)] "less: css generated in 156ms," source: file:///D:/Users/ketrao/Downloads/brackets-sprint-12/brackets-sprint-12/brackets/src/thirdparty/less-1.3.0.min.js(8)
[0721/151735:INFO:CONSOLE(0)] "[Extension] starting to load extensions/default/HTMLCodeHints," source: file:///D:/Users/ketrao/Downloads/brackets-sprint-12/brackets-sprint-12/brackets/src/utils/ExtensionLoader.js(71)
[0721/151735:INFO:CONSOLE(0)] "[Extension] starting to load extensions/default/JavaScriptQuickEdit," source: file:///D:/Users/ketrao/Downloads/brackets-sprint-12/brackets-sprint-12/brackets/src/utils/ExtensionLoader.js(71)
[0721/151735:INFO:CONSOLE(0)] "[Extension] starting to load extensions/default/QuickOpenCSS," source: file:///D:/Users/ketrao/Downloads/brackets-sprint-12/brackets-sprint-12/brackets/src/utils/ExtensionLoader.js(71)
[0721/151735:INFO:CONSOLE(0)] "[Extension] starting to load extensions/default/QuickOpenHTML," source: file:///D:/Users/ketrao/Downloads/brackets-sprint-12/brackets-sprint-12/brackets/src/utils/ExtensionLoader.js(71)
[0721/151735:INFO:CONSOLE(0)] "[Extension] starting to load extensions/default/QuickOpenJavaScript," source: file:///D:/Users/ketrao/Downloads/brackets-sprint-12/brackets-sprint-12/brackets/src/utils/ExtensionLoader.js(71)
[0721/151735:INFO:CONSOLE(0)] "[Extension] starting to load extensions/user/brackets-recent-projects," source: file:///D:/Users/ketrao/Downloads/brackets-sprint-12/brackets-sprint-12/brackets/src/utils/ExtensionLoader.js(71)
[0721/151735:INFO:CONSOLE(0)] "[Extension] finished loading extensions/default/JavaScriptQuickEdit," source: file:///D:/Users/ketrao/Downloads/brackets-sprint-12/brackets-sprint-12/brackets/src/utils/ExtensionLoader.js(74)
[0721/151735:INFO:CONSOLE(0)] "[Extension] finished loading extensions/default/QuickOpenCSS," source: file:///D:/Users/ketrao/Downloads/brackets-sprint-12/brackets-sprint-12/brackets/src/utils/ExtensionLoader.js(74)
[0721/151735:INFO:CONSOLE(0)] "[Extension] finished loading extensions/default/QuickOpenHTML," source: file:///D:/Users/ketrao/Downloads/brackets-sprint-12/brackets-sprint-12/brackets/src/utils/ExtensionLoader.js(74)
[0721/151735:INFO:CONSOLE(0)] "[Extension] finished loading extensions/default/QuickOpenJavaScript," source: file:///D:/Users/ketrao/Downloads/brackets-sprint-12/brackets-sprint-12/brackets/src/utils/ExtensionLoader.js(74)
[0721/151735:INFO:CONSOLE(0)] "[Extension] finished loading extensions/user/brackets-recent-projects," source: file:///D:/Users/ketrao/Downloads/brackets-sprint-12/brackets-sprint-12/brackets/src/utils/ExtensionLoader.js(74)
[0721/151735:INFO:CONSOLE(0)] "[Extension] finished loading extensions/default/HTMLCodeHints," source: file:///D:/Users/ketrao/Downloads/brackets-sprint-12/brackets-sprint-12/brackets/src/utils/ExtensionLoader.js(74)
[0721/151803:INFO:CONSOLE(0)] "less: parsed file:///D:/Users/ketrao/Downloads/brackets-sprint-12/brackets-sprint-12/brackets/src/styles/brackets.less successfully.," source: file:///D:/Users/ketrao/Downloads/brackets-sprint-12/brackets-sprint-12/brackets/src/thirdparty/less-1.3.0.min.js(8)
[0721/151803:INFO:CONSOLE(0)] "less: css for file:///D:/Users/ketrao/Downloads/brackets-sprint-12/brackets-sprint-12/brackets/src/styles/brackets.less generated in 156ms," source: file:///D:/Users/ketrao/Downloads/brackets-sprint-12/brackets-sprint-12/brackets/src/thirdparty/less-1.3.0.min.js(8)
[0721/151803:INFO:CONSOLE(0)] "less: css generated in 156ms," source: file:///D:/Users/ketrao/Downloads/brackets-sprint-12/brackets-sprint-12/brackets/src/thirdparty/less-1.3.0.min.js(8)
[0721/151804:INFO:CONSOLE(0)] "[Extension] starting to load extensions/default/HTMLCodeHints," source: file:///D:/Users/ketrao/Downloads/brackets-sprint-12/brackets-sprint-12/brackets/src/utils/ExtensionLoader.js(71)
[0721/151804:INFO:CONSOLE(0)] "[Extension] starting to load extensions/default/JavaScriptQuickEdit," source: file:///D:/Users/ketrao/Downloads/brackets-sprint-12/brackets-sprint-12/brackets/src/utils/ExtensionLoader.js(71)
[0721/151804:INFO:CONSOLE(0)] "[Extension] starting to load extensions/default/QuickOpenCSS," source: file:///D:/Users/ketrao/Downloads/brackets-sprint-12/brackets-sprint-12/brackets/src/utils/ExtensionLoader.js(71)
[0721/151804:INFO:CONSOLE(0)] "[Extension] starting to load extensions/default/QuickOpenHTML," source: file:///D:/Users/ketrao/Downloads/brackets-sprint-12/brackets-sprint-12/brackets/src/utils/ExtensionLoader.js(71)
[0721/151804:INFO:CONSOLE(0)] "[Extension] starting to load extensions/default/QuickOpenJavaScript," source: file:///D:/Users/ketrao/Downloads/brackets-sprint-12/brackets-sprint-12/brackets/src/utils/ExtensionLoader.js(71)
[0721/151804:INFO:CONSOLE(0)] "[Extension] starting to load extensions/user/brackets-recent-projects," source: file:///D:/Users/ketrao/Downloads/brackets-sprint-12/brackets-sprint-12/brackets/src/utils/ExtensionLoader.js(71)
[0721/151804:INFO:CONSOLE(0)] "[Extension] finished loading extensions/default/JavaScriptQuickEdit," source: file:///D:/Users/ketrao/Downloads/brackets-sprint-12/brackets-sprint-12/brackets/src/utils/ExtensionLoader.js(74)
[0721/151804:INFO:CONSOLE(0)] "[Extension] finished loading extensions/default/QuickOpenCSS," source: file:///D:/Users/ketrao/Downloads/brackets-sprint-12/brackets-sprint-12/brackets/src/utils/ExtensionLoader.js(74)
[0721/151804:INFO:CONSOLE(0)] "[Extension] finished loading extensions/default/QuickOpenHTML," source: file:///D:/Users/ketrao/Downloads/brackets-sprint-12/brackets-sprint-12/brackets/src/utils/ExtensionLoader.js(74)
[0721/151804:INFO:CONSOLE(0)] "[Extension] finished loading extensions/default/QuickOpenJavaScript," source: file:///D:/Users/ketrao/Downloads/brackets-sprint-12/brackets-sprint-12/brackets/src/utils/ExtensionLoader.js(74)
[0721/151804:INFO:CONSOLE(0)] "[Extension] finished loading extensions/user/brackets-recent-projects," source: file:///D:/Users/ketrao/Downloads/brackets-sprint-12/brackets-sprint-12/brackets/src/utils/ExtensionLoader.js(74)
[0721/151804:INFO:CONSOLE(0)] "[Extension] finished loading extensions/default/HTMLCodeHints," source: file:///D:/Users/ketrao/Downloads/brackets-sprint-12/brackets-sprint-12/brackets/src/utils/ExtensionLoader.js(74)
[0721/151835:INFO:CONSOLE(0)] "less: parsed file:///D:/Users/ketrao/Downloads/brackets-sprint-12/brackets-sprint-12/brackets/src/styles/brackets.less successfully.," source: file:///D:/Users/ketrao/Downloads/brackets-sprint-12/brackets-sprint-12/brackets/src/thirdparty/less-1.3.0.min.js(8)
[0721/151835:INFO:CONSOLE(0)] "less: css for file:///D:/Users/ketrao/Downloads/brackets-sprint-12/brackets-sprint-12/brackets/src/styles/brackets.less generated in 141ms," source: file:///D:/Users/ketrao/Downloads/brackets-sprint-12/brackets-sprint-12/brackets/src/thirdparty/less-1.3.0.min.js(8)
[0721/151835:INFO:CONSOLE(0)] "less: css generated in 156ms," source: file:///D:/Users/ketrao/Downloads/brackets-sprint-12/brackets-sprint-12/brackets/src/thirdparty/less-1.3.0.min.js(8)
[0721/151836:INFO:CONSOLE(0)] "[Extension] starting to load extensions/default/HTMLCodeHints," source: file:///D:/Users/ketrao/Downloads/brackets-sprint-12/brackets-sprint-12/brackets/src/utils/ExtensionLoader.js(71)
[0721/151836:INFO:CONSOLE(0)] "[Extension] starting to load extensions/default/JavaScriptQuickEdit," source: file:///D:/Users/ketrao/Downloads/brackets-sprint-12/brackets-sprint-12/brackets/src/utils/ExtensionLoader.js(71)
[0721/151836:INFO:CONSOLE(0)] "[Extension] starting to load extensions/default/QuickOpenCSS," source: file:///D:/Users/ketrao/Downloads/brackets-sprint-12/brackets-sprint-12/brackets/src/utils/ExtensionLoader.js(71)
[0721/151836:INFO:CONSOLE(0)] "[Extension] starting to load extensions/default/QuickOpenHTML," source: file:///D:/Users/ketrao/Downloads/brackets-sprint-12/brackets-sprint-12/brackets/src/utils/ExtensionLoader.js(71)
[0721/151836:INFO:CONSOLE(0)] "[Extension] starting to load extensions/default/QuickOpenJavaScript," source: file:///D:/Users/ketrao/Downloads/brackets-sprint-12/brackets-sprint-12/brackets/src/utils/ExtensionLoader.js(71)
[0721/151836:INFO:CONSOLE(0)] "[Extension] starting to load extensions/user/brackets-recent-projects," source: file:///D:/Users/ketrao/Downloads/brackets-sprint-12/brackets-sprint-12/brackets/src/utils/ExtensionLoader.js(71)
[0721/151836:INFO:CONSOLE(0)] "[Extension] finished loading extensions/default/JavaScriptQuickEdit," source: file:///D:/Users/ketrao/Downloads/brackets-sprint-12/brackets-sprint-12/brackets/src/utils/ExtensionLoader.js(74)
[0721/151836:INFO:CONSOLE(0)] "[Extension] finished loading extensions/default/QuickOpenCSS," source: file:///D:/Users/ketrao/Downloads/brackets-sprint-12/brackets-sprint-12/brackets/src/utils/ExtensionLoader.js(74)
[0721/151836:INFO:CONSOLE(0)] "[Extension] finished loading extensions/default/QuickOpenHTML," source: file:///D:/Users/ketrao/Downloads/brackets-sprint-12/brackets-sprint-12/brackets/src/utils/ExtensionLoader.js(74)
[0721/151836:INFO:CONSOLE(0)] "[Extension] finished loading extensions/default/QuickOpenJavaScript," source: file:///D:/Users/ketrao/Downloads/brackets-sprint-12/brackets-sprint-12/brackets/src/utils/ExtensionLoader.js(74)
[0721/151836:INFO:CONSOLE(0)] "[Extension] finished loading extensions/user/brackets-recent-projects," source: file:///D:/Users/ketrao/Downloads/brackets-sprint-12/brackets-sprint-12/brackets/src/utils/ExtensionLoader.js(74)
[0721/151836:INFO:CONSOLE(0)] "[Extension] finished loading extensions/default/HTMLCodeHints," source: file:///D:/Users/ketrao/Downloads/brackets-sprint-12/brackets-sprint-12/brackets/src/utils/ExtensionLoader.js(74)
[0721/152017:INFO:CONSOLE(0)] "less: parsed file:///D:/Users/ketrao/Downloads/brackets-sprint-12/brackets-sprint-12/brackets/src/styles/brackets.less successfully.," source: file:///D:/Users/ketrao/Downloads/brackets-sprint-12/brackets-sprint-12/brackets/src/thirdparty/less-1.3.0.min.js(8)
[0721/152017:INFO:CONSOLE(0)] "less: css for file:///D:/Users/ketrao/Downloads/brackets-sprint-12/brackets-sprint-12/brackets/src/styles/brackets.less generated in 156ms," source: file:///D:/Users/ketrao/Downloads/brackets-sprint-12/brackets-sprint-12/brackets/src/thirdparty/less-1.3.0.min.js(8)
[0721/152017:INFO:CONSOLE(0)] "less: css generated in 156ms," source: file:///D:/Users/ketrao/Downloads/brackets-sprint-12/brackets-sprint-12/brackets/src/thirdparty/less-1.3.0.min.js(8)
[0721/152018:INFO:CONSOLE(0)] "[Extension] starting to load extensions/default/HTMLCodeHints," source: file:///D:/Users/ketrao/Downloads/brackets-sprint-12/brackets-sprint-12/brackets/src/utils/ExtensionLoader.js(71)
[0721/152018:INFO:CONSOLE(0)] "[Extension] starting to load extensions/default/JavaScriptQuickEdit," source: file:///D:/Users/ketrao/Downloads/brackets-sprint-12/brackets-sprint-12/brackets/src/utils/ExtensionLoader.js(71)
[0721/152018:INFO:CONSOLE(0)] "[Extension] starting to load extensions/default/QuickOpenCSS," source: file:///D:/Users/ketrao/Downloads/brackets-sprint-12/brackets-sprint-12/brackets/src/utils/ExtensionLoader.js(71)
[0721/152018:INFO:CONSOLE(0)] "[Extension] starting to load extensions/default/QuickOpenHTML," source: file:///D:/Users/ketrao/Downloads/brackets-sprint-12/brackets-sprint-12/brackets/src/utils/ExtensionLoader.js(71)
[0721/152018:INFO:CONSOLE(0)] "[Extension] starting to load extensions/default/QuickOpenJavaScript," source: file:///D:/Users/ketrao/Downloads/brackets-sprint-12/brackets-sprint-12/brackets/src/utils/ExtensionLoader.js(71)
[0721/152018:INFO:CONSOLE(0)] "[Extension] starting to load extensions/user/brackets-recent-projects," source: file:///D:/Users/ketrao/Downloads/brackets-sprint-12/brackets-sprint-12/brackets/src/utils/ExtensionLoader.js(71)
[0721/152018:INFO:CONSOLE(0)] "[Extension] finished loading extensions/default/JavaScriptQuickEdit," source: file:///D:/Users/ketrao/Downloads/brackets-sprint-12/brackets-sprint-12/brackets/src/utils/ExtensionLoader.js(74)
[0721/152018:INFO:CONSOLE(0)] "[Extension] finished loading extensions/default/QuickOpenCSS," source: file:///D:/Users/ketrao/Downloads/brackets-sprint-12/brackets-sprint-12/brackets/src/utils/ExtensionLoader.js(74)
[0721/152018:INFO:CONSOLE(0)] "[Extension] finished loading extensions/default/QuickOpenHTML," source: file:///D:/Users/ketrao/Downloads/brackets-sprint-12/brackets-sprint-12/brackets/src/utils/ExtensionLoader.js(74)
[0721/152018:INFO:CONSOLE(0)] "[Extension] finished loading extensions/default/QuickOpenJavaScript," source: file:///D:/Users/ketrao/Downloads/brackets-sprint-12/brackets-sprint-12/brackets/src/utils/ExtensionLoader.js(74)
[0721/152018:INFO:CONSOLE(0)] "[Extension] finished loading extensions/user/brackets-recent-projects," source: file:///D:/Users/ketrao/Downloads/brackets-sprint-12/brackets-sprint-12/brackets/src/utils/ExtensionLoader.js(74)
[0721/152018:INFO:CONSOLE(0)] "[Extension] finished loading extensions/default/HTMLCodeHints," source: file:///D:/Users/ketrao/Downloads/brackets-sprint-12/brackets-sprint-12/brackets/src/utils/ExtensionLoader.js(74)
[0721/152138:INFO:CONSOLE(0)] "less: parsed file:///D:/Users/ketrao/Downloads/brackets-sprint-12/brackets-sprint-12/brackets/src/styles/brackets.less successfully.," source: file:///D:/Users/ketrao/Downloads/brackets-sprint-12/brackets-sprint-12/brackets/src/thirdparty/less-1.3.0.min.js(8)
[0721/152138:INFO:CONSOLE(0)] "less: css for file:///D:/Users/ketrao/Downloads/brackets-sprint-12/brackets-sprint-12/brackets/src/styles/brackets.less generated in 156ms," source: file:///D:/Users/ketrao/Downloads/brackets-sprint-12/brackets-sprint-12/brackets/src/thirdparty/less-1.3.0.min.js(8)
[0721/152138:INFO:CONSOLE(0)] "less: css generated in 156ms," source: file:///D:/Users/ketrao/Downloads/brackets-sprint-12/brackets-sprint-12/brackets/src/thirdparty/less-1.3.0.min.js(8)
[0721/152139:INFO:CONSOLE(0)] "[Extension] starting to load extensions/default/HTMLCodeHints," source: file:///D:/Users/ketrao/Downloads/brackets-sprint-12/brackets-sprint-12/brackets/src/utils/ExtensionLoader.js(71)
[0721/152139:INFO:CONSOLE(0)] "[Extension] starting to load extensions/default/JavaScriptQuickEdit," source: file:///D:/Users/ketrao/Downloads/brackets-sprint-12/brackets-sprint-12/brackets/src/utils/ExtensionLoader.js(71)
[0721/152139:INFO:CONSOLE(0)] "[Extension] starting to load extensions/default/QuickOpenCSS," source: file:///D:/Users/ketrao/Downloads/brackets-sprint-12/brackets-sprint-12/brackets/src/utils/ExtensionLoader.js(71)
[0721/152139:INFO:CONSOLE(0)] "[Extension] starting to load extensions/default/QuickOpenHTML," source: file:///D:/Users/ketrao/Downloads/brackets-sprint-12/brackets-sprint-12/brackets/src/utils/ExtensionLoader.js(71)
[0721/152139:INFO:CONSOLE(0)] "[Extension] starting to load extensions/default/QuickOpenJavaScript," source: file:///D:/Users/ketrao/Downloads/brackets-sprint-12/brackets-sprint-12/brackets/src/utils/ExtensionLoader.js(71)
[0721/152139:INFO:CONSOLE(0)] "[Extension] starting to load extensions/user/brackets-recent-projects," source: file:///D:/Users/ketrao/Downloads/brackets-sprint-12/brackets-sprint-12/brackets/src/utils/ExtensionLoader.js(71)
[0721/152139:INFO:CONSOLE(0)] "[Extension] finished loading extensions/default/JavaScriptQuickEdit," source: file:///D:/Users/ketrao/Downloads/brackets-sprint-12/brackets-sprint-12/brackets/src/utils/ExtensionLoader.js(74)
[0721/152139:INFO:CONSOLE(0)] "[Extension] finished loading extensions/default/QuickOpenCSS," source: file:///D:/Users/ketrao/Downloads/brackets-sprint-12/brackets-sprint-12/brackets/src/utils/ExtensionLoader.js(74)
[0721/152139:INFO:CONSOLE(0)] "[Extension] finished loading extensions/default/QuickOpenHTML," source: file:///D:/Users/ketrao/Downloads/brackets-sprint-12/brackets-sprint-12/brackets/src/utils/ExtensionLoader.js(74)
[0721/152139:INFO:CONSOLE(0)] "[Extension] finished loading extensions/default/QuickOpenJavaScript," source: file:///D:/Users/ketrao/Downloads/brackets-sprint-12/brackets-sprint-12/brackets/src/utils/ExtensionLoader.js(74)
[0721/152139:INFO:CONSOLE(0)] "[Extension] finished loading extensions/user/brackets-recent-projects," source: file:///D:/Users/ketrao/Downloads/brackets-sprint-12/brackets-sprint-12/brackets/src/utils/ExtensionLoader.js(74)
[0721/152139:INFO:CONSOLE(0)] "[Extension] finished loading extensions/default/HTMLCodeHints," source: file:///D:/Users/ketrao/Downloads/brackets-sprint-12/brackets-sprint-12/brackets/src/utils/ExtensionLoader.js(74)
[0721/152921:INFO:CONSOLE(0)] "less: parsed file:///D:/Users/ketrao/Downloads/brackets-sprint-12/brackets-sprint-12/brackets/src/styles/brackets.less successfully.," source: file:///D:/Users/ketrao/Downloads/brackets-sprint-12/brackets-sprint-12/brackets/src/thirdparty/less-1.3.0.min.js(8)
[0721/152921:INFO:CONSOLE(0)] "less: css for file:///D:/Users/ketrao/Downloads/brackets-sprint-12/brackets-sprint-12/brackets/src/styles/brackets.less generated in 141ms," source: file:///D:/Users/ketrao/Downloads/brackets-sprint-12/brackets-sprint-12/brackets/src/thirdparty/less-1.3.0.min.js(8)
[0721/152921:INFO:CONSOLE(0)] "less: css generated in 141ms," source: file:///D:/Users/ketrao/Downloads/brackets-sprint-12/brackets-sprint-12/brackets/src/thirdparty/less-1.3.0.min.js(8)
[0721/152922:INFO:CONSOLE(0)] "[Extension] starting to load extensions/default/HTMLCodeHints," source: file:///D:/Users/ketrao/Downloads/brackets-sprint-12/brackets-sprint-12/brackets/src/utils/ExtensionLoader.js(71)
[0721/152922:INFO:CONSOLE(0)] "[Extension] starting to load extensions/default/JavaScriptQuickEdit," source: file:///D:/Users/ketrao/Downloads/brackets-sprint-12/brackets-sprint-12/brackets/src/utils/ExtensionLoader.js(71)
[0721/152922:INFO:CONSOLE(0)] "[Extension] starting to load extensions/default/QuickOpenCSS," source: file:///D:/Users/ketrao/Downloads/brackets-sprint-12/brackets-sprint-12/brackets/src/utils/ExtensionLoader.js(71)
[0721/152922:INFO:CONSOLE(0)] "[Extension] starting to load extensions/default/QuickOpenHTML," source: file:///D:/Users/ketrao/Downloads/brackets-sprint-12/brackets-sprint-12/brackets/src/utils/ExtensionLoader.js(71)
[0721/152922:INFO:CONSOLE(0)] "[Extension] starting to load extensions/default/QuickOpenJavaScript," source: file:///D:/Users/ketrao/Downloads/brackets-sprint-12/brackets-sprint-12/brackets/src/utils/ExtensionLoader.js(71)
[0721/152922:INFO:CONSOLE(0)] "[Extension] starting to load extensions/user/brackets-recent-projects," source: file:///D:/Users/ketrao/Downloads/brackets-sprint-12/brackets-sprint-12/brackets/src/utils/ExtensionLoader.js(71)
[0721/152922:INFO:CONSOLE(0)] "[Extension] finished loading extensions/default/JavaScriptQuickEdit," source: file:///D:/Users/ketrao/Downloads/brackets-sprint-12/brackets-sprint-12/brackets/src/utils/ExtensionLoader.js(74)
[0721/152922:INFO:CONSOLE(0)] "[Extension] finished loading extensions/default/QuickOpenCSS," source: file:///D:/Users/ketrao/Downloads/brackets-sprint-12/brackets-sprint-12/brackets/src/utils/ExtensionLoader.js(74)
[0721/152922:INFO:CONSOLE(0)] "[Extension] finished loading extensions/default/QuickOpenHTML," source: file:///D:/Users/ketrao/Downloads/brackets-sprint-12/brackets-sprint-12/brackets/src/utils/ExtensionLoader.js(74)
[0721/152922:INFO:CONSOLE(0)] "[Extension] finished loading extensions/default/QuickOpenJavaScript," source: file:///D:/Users/ketrao/Downloads/brackets-sprint-12/brackets-sprint-12/brackets/src/utils/ExtensionLoader.js(74)
[0721/152922:INFO:CONSOLE(0)] "[Extension] finished loading extensions/user/brackets-recent-projects," source: file:///D:/Users/ketrao/Downloads/brackets-sprint-12/brackets-sprint-12/brackets/src/utils/ExtensionLoader.js(74)
[0721/152923:INFO:CONSOLE(0)] "[Extension] finished loading extensions/default/HTMLCodeHints," source: file:///D:/Users/ketrao/Downloads/brackets-sprint-12/brackets-sprint-12/brackets/src/utils/ExtensionLoader.js(74)
[0721/153416:INFO:CONSOLE(0)] "less: parsed file:///D:/Users/ketrao/Downloads/brackets-sprint-12/brackets-sprint-12/brackets/src/styles/brackets.less successfully.," source: file:///D:/Users/ketrao/Downloads/brackets-sprint-12/brackets-sprint-12/brackets/src/thirdparty/less-1.3.0.min.js(8)
[0721/153416:INFO:CONSOLE(0)] "less: css for file:///D:/Users/ketrao/Downloads/brackets-sprint-12/brackets-sprint-12/brackets/src/styles/brackets.less generated in 156ms," source: file:///D:/Users/ketrao/Downloads/brackets-sprint-12/brackets-sprint-12/brackets/src/thirdparty/less-1.3.0.min.js(8)
[0721/153416:INFO:CONSOLE(0)] "less: css generated in 156ms," source: file:///D:/Users/ketrao/Downloads/brackets-sprint-12/brackets-sprint-12/brackets/src/thirdparty/less-1.3.0.min.js(8)
[0721/153417:INFO:CONSOLE(0)] "[Extension] starting to load extensions/default/HTMLCodeHints," source: file:///D:/Users/ketrao/Downloads/brackets-sprint-12/brackets-sprint-12/brackets/src/utils/ExtensionLoader.js(71)
[0721/153417:INFO:CONSOLE(0)] "[Extension] starting to load extensions/default/JavaScriptQuickEdit," source: file:///D:/Users/ketrao/Downloads/brackets-sprint-12/brackets-sprint-12/brackets/src/utils/ExtensionLoader.js(71)
[0721/153417:INFO:CONSOLE(0)] "[Extension] starting to load extensions/default/QuickOpenCSS," source: file:///D:/Users/ketrao/Downloads/brackets-sprint-12/brackets-sprint-12/brackets/src/utils/ExtensionLoader.js(71)
[0721/153417:INFO:CONSOLE(0)] "[Extension] starting to load extensions/default/QuickOpenHTML," source: file:///D:/Users/ketrao/Downloads/brackets-sprint-12/brackets-sprint-12/brackets/src/utils/ExtensionLoader.js(71)
[0721/153417:INFO:CONSOLE(0)] "[Extension] starting to load extensions/default/QuickOpenJavaScript," source: file:///D:/Users/ketrao/Downloads/brackets-sprint-12/brackets-sprint-12/brackets/src/utils/ExtensionLoader.js(71)
[0721/153417:INFO:CONSOLE(0)] "[Extension] starting to load extensions/user/brackets-recent-projects," source: file:///D:/Users/ketrao/Downloads/brackets-sprint-12/brackets-sprint-12/brackets/src/utils/ExtensionLoader.js(71)
[0721/153417:INFO:CONSOLE(0)] "[Extension] finished loading extensions/default/JavaScriptQuickEdit," source: file:///D:/Users/ketrao/Downloads/brackets-sprint-12/brackets-sprint-12/brackets/src/utils/ExtensionLoader.js(74)
[0721/153417:INFO:CONSOLE(0)] "[Extension] finished loading extensions/default/QuickOpenCSS," source: file:///D:/Users/ketrao/Downloads/brackets-sprint-12/brackets-sprint-12/brackets/src/utils/ExtensionLoader.js(74)
[0721/153417:INFO:CONSOLE(0)] "[Extension] finished loading extensions/default/QuickOpenHTML," source: file:///D:/Users/ketrao/Downloads/brackets-sprint-12/brackets-sprint-12/brackets/src/utils/ExtensionLoader.js(74)
[0721/153417:INFO:CONSOLE(0)] "[Extension] finished loading extensions/default/QuickOpenJavaScript," source: file:///D:/Users/ketrao/Downloads/brackets-sprint-12/brackets-sprint-12/brackets/src/utils/ExtensionLoader.js(74)
[0721/153417:INFO:CONSOLE(0)] "[Extension] finished loading extensions/user/brackets-recent-projects," source: file:///D:/Users/ketrao/Downloads/brackets-sprint-12/brackets-sprint-12/brackets/src/utils/ExtensionLoader.js(74)
[0721/153417:INFO:CONSOLE(0)] "[Extension] finished loading extensions/default/HTMLCodeHints," source: file:///D:/Users/ketrao/Downloads/brackets-sprint-12/brackets-sprint-12/brackets/src/utils/ExtensionLoader.js(74)
[0721/154134:INFO:CONSOLE(0)] "less: parsed file:///D:/Users/ketrao/Downloads/brackets-sprint-12/brackets-sprint-12/brackets/src/styles/brackets.less successfully.," source: file:///D:/Users/ketrao/Downloads/brackets-sprint-12/brackets-sprint-12/brackets/src/thirdparty/less-1.3.0.min.js(8)
[0721/154134:INFO:CONSOLE(0)] "less: css for file:///D:/Users/ketrao/Downloads/brackets-sprint-12/brackets-sprint-12/brackets/src/styles/brackets.less generated in 156ms," source: file:///D:/Users/ketrao/Downloads/brackets-sprint-12/brackets-sprint-12/brackets/src/thirdparty/less-1.3.0.min.js(8)
[0721/154134:INFO:CONSOLE(0)] "less: css generated in 156ms," source: file:///D:/Users/ketrao/Downloads/brackets-sprint-12/brackets-sprint-12/brackets/src/thirdparty/less-1.3.0.min.js(8)
[0721/154135:INFO:CONSOLE(0)] "[Extension] starting to load extensions/default/HTMLCodeHints," source: file:///D:/Users/ketrao/Downloads/brackets-sprint-12/brackets-sprint-12/brackets/src/utils/ExtensionLoader.js(71)
[0721/154135:INFO:CONSOLE(0)] "[Extension] starting to load extensions/default/JavaScriptQuickEdit," source: file:///D:/Users/ketrao/Downloads/brackets-sprint-12/brackets-sprint-12/brackets/src/utils/ExtensionLoader.js(71)
[0721/154135:INFO:CONSOLE(0)] "[Extension] starting to load extensions/default/QuickOpenCSS," source: file:///D:/Users/ketrao/Downloads/brackets-sprint-12/brackets-sprint-12/brackets/src/utils/ExtensionLoader.js(71)
[0721/154135:INFO:CONSOLE(0)] "[Extension] starting to load extensions/default/QuickOpenHTML," source: file:///D:/Users/ketrao/Downloads/brackets-sprint-12/brackets-sprint-12/brackets/src/utils/ExtensionLoader.js(71)
[0721/154135:INFO:CONSOLE(0)] "[Extension] starting to load extensions/default/QuickOpenJavaScript," source: file:///D:/Users/ketrao/Downloads/brackets-sprint-12/brackets-sprint-12/brackets/src/utils/ExtensionLoader.js(71)
[0721/154135:INFO:CONSOLE(0)] "[Extension] starting to load extensions/user/brackets-recent-projects," source: file:///D:/Users/ketrao/Downloads/brackets-sprint-12/brackets-sprint-12/brackets/src/utils/ExtensionLoader.js(71)
[0721/154135:INFO:CONSOLE(0)] "[Extension] finished loading extensions/default/JavaScriptQuickEdit," source: file:///D:/Users/ketrao/Downloads/brackets-sprint-12/brackets-sprint-12/brackets/src/utils/ExtensionLoader.js(74)
[0721/154135:INFO:CONSOLE(0)] "[Extension] finished loading extensions/default/QuickOpenCSS," source: file:///D:/Users/ketrao/Downloads/brackets-sprint-12/brackets-sprint-12/brackets/src/utils/ExtensionLoader.js(74)
[0721/154135:INFO:CONSOLE(0)] "[Extension] finished loading extensions/default/QuickOpenHTML," source: file:///D:/Users/ketrao/Downloads/brackets-sprint-12/brackets-sprint-12/brackets/src/utils/ExtensionLoader.js(74)
[0721/154135:INFO:CONSOLE(0)] "[Extension] finished loading extensions/default/QuickOpenJavaScript," source: file:///D:/Users/ketrao/Downloads/brackets-sprint-12/brackets-sprint-12/brackets/src/utils/ExtensionLoader.js(74)
[0721/154135:INFO:CONSOLE(0)] "[Extension] finished loading extensions/user/brackets-recent-projects," source: file:///D:/Users/ketrao/Downloads/brackets-sprint-12/brackets-sprint-12/brackets/src/utils/ExtensionLoader.js(74)
[0721/154135:INFO:CONSOLE(0)] "[Extension] finished loading extensions/default/HTMLCodeHints," source: file:///D:/Users/ketrao/Downloads/brackets-sprint-12/brackets-sprint-12/brackets/src/utils/ExtensionLoader.js(74)
[0721/154750:INFO:CONSOLE(0)] "less: parsed file:///D:/Users/ketrao/Downloads/brackets-sprint-12/brackets-sprint-12/brackets/src/styles/brackets.less successfully.," source: file:///D:/Users/ketrao/Downloads/brackets-sprint-12/brackets-sprint-12/brackets/src/thirdparty/less-1.3.0.min.js(8)
[0721/154750:INFO:CONSOLE(0)] "less: css for file:///D:/Users/ketrao/Downloads/brackets-sprint-12/brackets-sprint-12/brackets/src/styles/brackets.less generated in 156ms," source: file:///D:/Users/ketrao/Downloads/brackets-sprint-12/brackets-sprint-12/brackets/src/thirdparty/less-1.3.0.min.js(8)
[0721/154750:INFO:CONSOLE(0)] "less: css generated in 156ms," source: file:///D:/Users/ketrao/Downloads/brackets-sprint-12/brackets-sprint-12/brackets/src/thirdparty/less-1.3.0.min.js(8)
[0721/154751:INFO:CONSOLE(0)] "[Extension] starting to load extensions/default/HTMLCodeHints," source: file:///D:/Users/ketrao/Downloads/brackets-sprint-12/brackets-sprint-12/brackets/src/utils/ExtensionLoader.js(71)
[0721/154751:INFO:CONSOLE(0)] "[Extension] starting to load extensions/default/JavaScriptQuickEdit," source: file:///D:/Users/ketrao/Downloads/brackets-sprint-12/brackets-sprint-12/brackets/src/utils/ExtensionLoader.js(71)
[0721/154751:INFO:CONSOLE(0)] "[Extension] starting to load extensions/default/QuickOpenCSS," source: file:///D:/Users/ketrao/Downloads/brackets-sprint-12/brackets-sprint-12/brackets/src/utils/ExtensionLoader.js(71)
[0721/154751:INFO:CONSOLE(0)] "[Extension] starting to load extensions/default/QuickOpenHTML," source: file:///D:/Users/ketrao/Downloads/brackets-sprint-12/brackets-sprint-12/brackets/src/utils/ExtensionLoader.js(71)
[0721/154751:INFO:CONSOLE(0)] "[Extension] starting to load extensions/default/QuickOpenJavaScript," source: file:///D:/Users/ketrao/Downloads/brackets-sprint-12/brackets-sprint-12/brackets/src/utils/ExtensionLoader.js(71)
[0721/154751:INFO:CONSOLE(0)] "[Extension] starting to load extensions/user/brackets-recent-projects," source: file:///D:/Users/ketrao/Downloads/brackets-sprint-12/brackets-sprint-12/brackets/src/utils/ExtensionLoader.js(71)
[0721/154752:INFO:CONSOLE(0)] "[Extension] finished loading extensions/default/JavaScriptQuickEdit," source: file:///D:/Users/ketrao/Downloads/brackets-sprint-12/brackets-sprint-12/brackets/src/utils/ExtensionLoader.js(74)
[0721/154752:INFO:CONSOLE(0)] "[Extension] finished loading extensions/default/QuickOpenCSS," source: file:///D:/Users/ketrao/Downloads/brackets-sprint-12/brackets-sprint-12/brackets/src/utils/ExtensionLoader.js(74)
[0721/154752:INFO:CONSOLE(0)] "[Extension] finished loading extensions/default/QuickOpenHTML," source: file:///D:/Users/ketrao/Downloads/brackets-sprint-12/brackets-sprint-12/brackets/src/utils/ExtensionLoader.js(74)
[0721/154752:INFO:CONSOLE(0)] "[Extension] finished loading extensions/default/QuickOpenJavaScript," source: file:///D:/Users/ketrao/Downloads/brackets-sprint-12/brackets-sprint-12/brackets/src/utils/ExtensionLoader.js(74)
[0721/154752:INFO:CONSOLE(0)] "[Extension] finished loading extensions/user/brackets-recent-projects," source: file:///D:/Users/ketrao/Downloads/brackets-sprint-12/brackets-sprint-12/brackets/src/utils/ExtensionLoader.js(74)
[0721/154752:INFO:CONSOLE(0)] "[Extension] finished loading extensions/default/HTMLCodeHints," source: file:///D:/Users/ketrao/Downloads/brackets-sprint-12/brackets-sprint-12/brackets/src/utils/ExtensionLoader.js(74)
[0721/155319:INFO:CONSOLE(0)] "less: parsed file:///D:/Users/ketrao/Downloads/brackets-sprint-12/brackets-sprint-12/brackets/src/styles/brackets.less successfully.," source: file:///D:/Users/ketrao/Downloads/brackets-sprint-12/brackets-sprint-12/brackets/src/thirdparty/less-1.3.0.min.js(8)
[0721/155319:INFO:CONSOLE(0)] "less: css for file:///D:/Users/ketrao/Downloads/brackets-sprint-12/brackets-sprint-12/brackets/src/styles/brackets.less generated in 171ms," source: file:///D:/Users/ketrao/Downloads/brackets-sprint-12/brackets-sprint-12/brackets/src/thirdparty/less-1.3.0.min.js(8)
[0721/155319:INFO:CONSOLE(0)] "less: css generated in 172ms," source: file:///D:/Users/ketrao/Downloads/brackets-sprint-12/brackets-sprint-12/brackets/src/thirdparty/less-1.3.0.min.js(8)
[0721/155320:INFO:CONSOLE(0)] "[Extension] starting to load extensions/default/HTMLCodeHints," source: file:///D:/Users/ketrao/Downloads/brackets-sprint-12/brackets-sprint-12/brackets/src/utils/ExtensionLoader.js(71)
[0721/155320:INFO:CONSOLE(0)] "[Extension] starting to load extensions/default/JavaScriptQuickEdit," source: file:///D:/Users/ketrao/Downloads/brackets-sprint-12/brackets-sprint-12/brackets/src/utils/ExtensionLoader.js(71)
[0721/155320:INFO:CONSOLE(0)] "[Extension] starting to load extensions/default/QuickOpenCSS," source: file:///D:/Users/ketrao/Downloads/brackets-sprint-12/brackets-sprint-12/brackets/src/utils/ExtensionLoader.js(71)
[0721/155320:INFO:CONSOLE(0)] "[Extension] starting to load extensions/default/QuickOpenHTML," source: file:///D:/Users/ketrao/Downloads/brackets-sprint-12/brackets-sprint-12/brackets/src/utils/ExtensionLoader.js(71)
[0721/155320:INFO:CONSOLE(0)] "[Extension] starting to load extensions/default/QuickOpenJavaScript," source: file:///D:/Users/ketrao/Downloads/brackets-sprint-12/brackets-sprint-12/brackets/src/utils/ExtensionLoader.js(71)
[0721/155320:INFO:CONSOLE(0)] "[Extension] starting to load extensions/user/brackets-recent-projects," source: file:///D:/Users/ketrao/Downloads/brackets-sprint-12/brackets-sprint-12/brackets/src/utils/ExtensionLoader.js(71)
[0721/155320:INFO:CONSOLE(0)] "[Extension] finished loading extensions/default/JavaScriptQuickEdit," source: file:///D:/Users/ketrao/Downloads/brackets-sprint-12/brackets-sprint-12/brackets/src/utils/ExtensionLoader.js(74)
[0721/155320:INFO:CONSOLE(0)] "[Extension] finished loading extensions/default/QuickOpenCSS," source: file:///D:/Users/ketrao/Downloads/brackets-sprint-12/brackets-sprint-12/brackets/src/utils/ExtensionLoader.js(74)
[0721/155320:INFO:CONSOLE(0)] "[Extension] finished loading extensions/default/QuickOpenHTML," source: file:///D:/Users/ketrao/Downloads/brackets-sprint-12/brackets-sprint-12/brackets/src/utils/ExtensionLoader.js(74)
[0721/155320:INFO:CONSOLE(0)] "[Extension] finished loading extensions/default/QuickOpenJavaScript," source: file:///D:/Users/ketrao/Downloads/brackets-sprint-12/brackets-sprint-12/brackets/src/utils/ExtensionLoader.js(74)
[0721/155320:INFO:CONSOLE(0)] "[Extension] finished loading extensions/user/brackets-recent-projects," source: file:///D:/Users/ketrao/Downloads/brackets-sprint-12/brackets-sprint-12/brackets/src/utils/ExtensionLoader.js(74)
[0721/155320:INFO:CONSOLE(0)] "[Extension] finished loading extensions/default/HTMLCodeHints," source: file:///D:/Users/ketrao/Downloads/brackets-sprint-12/brackets-sprint-12/brackets/src/utils/ExtensionLoader.js(74)
[0721/160905:INFO:CONSOLE(0)] "less: parsed file:///D:/Users/ketrao/Downloads/brackets-sprint-12/brackets-sprint-12/brackets/src/styles/brackets.less successfully.," source: file:///D:/Users/ketrao/Downloads/brackets-sprint-12/brackets-sprint-12/brackets/src/thirdparty/less-1.3.0.min.js(8)
[0721/160905:INFO:CONSOLE(0)] "less: css for file:///D:/Users/ketrao/Downloads/brackets-sprint-12/brackets-sprint-12/brackets/src/styles/brackets.less generated in 140ms," source: file:///D:/Users/ketrao/Downloads/brackets-sprint-12/brackets-sprint-12/brackets/src/thirdparty/less-1.3.0.min.js(8)
[0721/160905:INFO:CONSOLE(0)] "less: css generated in 140ms," source: file:///D:/Users/ketrao/Downloads/brackets-sprint-12/brackets-sprint-12/brackets/src/thirdparty/less-1.3.0.min.js(8)
[0721/160906:INFO:CONSOLE(0)] "[Extension] starting to load extensions/default/HTMLCodeHints," source: file:///D:/Users/ketrao/Downloads/brackets-sprint-12/brackets-sprint-12/brackets/src/utils/ExtensionLoader.js(71)
[0721/160906:INFO:CONSOLE(0)] "[Extension] starting to load extensions/default/JavaScriptQuickEdit," source: file:///D:/Users/ketrao/Downloads/brackets-sprint-12/brackets-sprint-12/brackets/src/utils/ExtensionLoader.js(71)
[0721/160906:INFO:CONSOLE(0)] "[Extension] starting to load extensions/default/QuickOpenCSS," source: file:///D:/Users/ketrao/Downloads/brackets-sprint-12/brackets-sprint-12/brackets/src/utils/ExtensionLoader.js(71)
[0721/160906:INFO:CONSOLE(0)] "[Extension] starting to load extensions/default/QuickOpenHTML," source: file:///D:/Users/ketrao/Downloads/brackets-sprint-12/brackets-sprint-12/brackets/src/utils/ExtensionLoader.js(71)
[0721/160906:INFO:CONSOLE(0)] "[Extension] starting to load extensions/default/QuickOpenJavaScript," source: file:///D:/Users/ketrao/Downloads/brackets-sprint-12/brackets-sprint-12/brackets/src/utils/ExtensionLoader.js(71)
[0721/160906:INFO:CONSOLE(0)] "[Extension] starting to load extensions/user/brackets-recent-projects," source: file:///D:/Users/ketrao/Downloads/brackets-sprint-12/brackets-sprint-12/brackets/src/utils/ExtensionLoader.js(71)
[0721/160907:INFO:CONSOLE(0)] "[Extension] finished loading extensions/default/JavaScriptQuickEdit," source: file:///D:/Users/ketrao/Downloads/brackets-sprint-12/brackets-sprint-12/brackets/src/utils/ExtensionLoader.js(74)
[0721/160907:INFO:CONSOLE(0)] "[Extension] finished loading extensions/default/QuickOpenCSS," source: file:///D:/Users/ketrao/Downloads/brackets-sprint-12/brackets-sprint-12/brackets/src/utils/ExtensionLoader.js(74)
[0721/160907:INFO:CONSOLE(0)] "[Extension] finished loading extensions/default/QuickOpenHTML," source: file:///D:/Users/ketrao/Downloads/brackets-sprint-12/brackets-sprint-12/brackets/src/utils/ExtensionLoader.js(74)
[0721/160907:INFO:CONSOLE(0)] "[Extension] finished loading extensions/default/QuickOpenJavaScript," source: file:///D:/Users/ketrao/Downloads/brackets-sprint-12/brackets-sprint-12/brackets/src/utils/ExtensionLoader.js(74)
[0721/160907:INFO:CONSOLE(0)] "[Extension] finished loading extensions/user/brackets-recent-projects," source: file:///D:/Users/ketrao/Downloads/brackets-sprint-12/brackets-sprint-12/brackets/src/utils/ExtensionLoader.js(74)
[0721/160907:INFO:CONSOLE(0)] "[Extension] finished loading extensions/default/HTMLCodeHints," source: file:///D:/Users/ketrao/Downloads/brackets-sprint-12/brackets-sprint-12/brackets/src/utils/ExtensionLoader.js(74)
[0721/161016:INFO:CONSOLE(0)] "less: parsed file:///D:/Users/ketrao/Downloads/brackets-sprint-12/brackets-sprint-12/brackets/src/styles/brackets.less successfully.," source: file:///D:/Users/ketrao/Downloads/brackets-sprint-12/brackets-sprint-12/brackets/src/thirdparty/less-1.3.0.min.js(8)
[0721/161016:INFO:CONSOLE(0)] "less: css for file:///D:/Users/ketrao/Downloads/brackets-sprint-12/brackets-sprint-12/brackets/src/styles/brackets.less generated in 140ms," source: file:///D:/Users/ketrao/Downloads/brackets-sprint-12/brackets-sprint-12/brackets/src/thirdparty/less-1.3.0.min.js(8)
[0721/161016:INFO:CONSOLE(0)] "less: css generated in 156ms," source: file:///D:/Users/ketrao/Downloads/brackets-sprint-12/brackets-sprint-12/brackets/src/thirdparty/less-1.3.0.min.js(8)
[0721/161018:INFO:CONSOLE(0)] "[Extension] starting to load extensions/default/HTMLCodeHints," source: file:///D:/Users/ketrao/Downloads/brackets-sprint-12/brackets-sprint-12/brackets/src/utils/ExtensionLoader.js(71)
[0721/161018:INFO:CONSOLE(0)] "[Extension] starting to load extensions/default/JavaScriptQuickEdit," source: file:///D:/Users/ketrao/Downloads/brackets-sprint-12/brackets-sprint-12/brackets/src/utils/ExtensionLoader.js(71)
[0721/161018:INFO:CONSOLE(0)] "[Extension] starting to load extensions/default/QuickOpenCSS," source: file:///D:/Users/ketrao/Downloads/brackets-sprint-12/brackets-sprint-12/brackets/src/utils/ExtensionLoader.js(71)
[0721/161018:INFO:CONSOLE(0)] "[Extension] starting to load extensions/default/QuickOpenHTML," source: file:///D:/Users/ketrao/Downloads/brackets-sprint-12/brackets-sprint-12/brackets/src/utils/ExtensionLoader.js(71)
[0721/161018:INFO:CONSOLE(0)] "[Extension] starting to load extensions/default/QuickOpenJavaScript," source: file:///D:/Users/ketrao/Downloads/brackets-sprint-12/brackets-sprint-12/brackets/src/utils/ExtensionLoader.js(71)
[0721/161018:INFO:CONSOLE(0)] "[Extension] starting to load extensions/user/brackets-recent-projects," source: file:///D:/Users/ketrao/Downloads/brackets-sprint-12/brackets-sprint-12/brackets/src/utils/ExtensionLoader.js(71)
[0721/161018:INFO:CONSOLE(0)] "[Extension] finished loading extensions/default/JavaScriptQuickEdit," source: file:///D:/Users/ketrao/Downloads/brackets-sprint-12/brackets-sprint-12/brackets/src/utils/ExtensionLoader.js(74)
[0721/161018:INFO:CONSOLE(0)] "[Extension] finished loading extensions/default/QuickOpenCSS," source: file:///D:/Users/ketrao/Downloads/brackets-sprint-12/brackets-sprint-12/brackets/src/utils/ExtensionLoader.js(74)
[0721/161018:INFO:CONSOLE(0)] "[Extension] finished loading extensions/default/QuickOpenHTML," source: file:///D:/Users/ketrao/Downloads/brackets-sprint-12/brackets-sprint-12/brackets/src/utils/ExtensionLoader.js(74)
[0721/161018:INFO:CONSOLE(0)] "[Extension] finished loading extensions/default/QuickOpenJavaScript," source: file:///D:/Users/ketrao/Downloads/brackets-sprint-12/brackets-sprint-12/brackets/src/utils/ExtensionLoader.js(74)
[0721/161018:INFO:CONSOLE(0)] "[Extension] finished loading extensions/user/brackets-recent-projects," source: file:///D:/Users/ketrao/Downloads/brackets-sprint-12/brackets-sprint-12/brackets/src/utils/ExtensionLoader.js(74)
[0721/161018:INFO:CONSOLE(0)] "[Extension] finished loading extensions/default/HTMLCodeHints," source: file:///D:/Users/ketrao/Downloads/brackets-sprint-12/brackets-sprint-12/brackets/src/utils/ExtensionLoader.js(74)
[0721/162106:INFO:CONSOLE(0)] "less: parsed file:///D:/Users/ketrao/Downloads/brackets-sprint-12/brackets-sprint-12/brackets/src/styles/brackets.less successfully.," source: file:///D:/Users/ketrao/Downloads/brackets-sprint-12/brackets-sprint-12/brackets/src/thirdparty/less-1.3.0.min.js(8)
[0721/162106:INFO:CONSOLE(0)] "less: css for file:///D:/Users/ketrao/Downloads/brackets-sprint-12/brackets-sprint-12/brackets/src/styles/brackets.less generated in 140ms," source: file:///D:/Users/ketrao/Downloads/brackets-sprint-12/brackets-sprint-12/brackets/src/thirdparty/less-1.3.0.min.js(8)
[0721/162106:INFO:CONSOLE(0)] "less: css generated in 140ms," source: file:///D:/Users/ketrao/Downloads/brackets-sprint-12/brackets-sprint-12/brackets/src/thirdparty/less-1.3.0.min.js(8)
[0721/162107:INFO:CONSOLE(0)] "[Extension] starting to load extensions/default/HTMLCodeHints," source: file:///D:/Users/ketrao/Downloads/brackets-sprint-12/brackets-sprint-12/brackets/src/utils/ExtensionLoader.js(71)
[0721/162107:INFO:CONSOLE(0)] "[Extension] starting to load extensions/default/JavaScriptQuickEdit," source: file:///D:/Users/ketrao/Downloads/brackets-sprint-12/brackets-sprint-12/brackets/src/utils/ExtensionLoader.js(71)
[0721/162107:INFO:CONSOLE(0)] "[Extension] starting to load extensions/default/QuickOpenCSS," source: file:///D:/Users/ketrao/Downloads/brackets-sprint-12/brackets-sprint-12/brackets/src/utils/ExtensionLoader.js(71)
[0721/162107:INFO:CONSOLE(0)] "[Extension] starting to load extensions/default/QuickOpenHTML," source: file:///D:/Users/ketrao/Downloads/brackets-sprint-12/brackets-sprint-12/brackets/src/utils/ExtensionLoader.js(71)
[0721/162107:INFO:CONSOLE(0)] "[Extension] starting to load extensions/default/QuickOpenJavaScript," source: file:///D:/Users/ketrao/Downloads/brackets-sprint-12/brackets-sprint-12/brackets/src/utils/ExtensionLoader.js(71)
[0721/162107:INFO:CONSOLE(0)] "[Extension] starting to load extensions/user/brackets-recent-projects," source: file:///D:/Users/ketrao/Downloads/brackets-sprint-12/brackets-sprint-12/brackets/src/utils/ExtensionLoader.js(71)
[0721/162107:INFO:CONSOLE(0)] "[Extension] finished loading extensions/default/JavaScriptQuickEdit," source: file:///D:/Users/ketrao/Downloads/brackets-sprint-12/brackets-sprint-12/brackets/src/utils/ExtensionLoader.js(74)
[0721/162107:INFO:CONSOLE(0)] "[Extension] finished loading extensions/default/QuickOpenCSS," source: file:///D:/Users/ketrao/Downloads/brackets-sprint-12/brackets-sprint-12/brackets/src/utils/ExtensionLoader.js(74)
[0721/162107:INFO:CONSOLE(0)] "[Extension] finished loading extensions/default/QuickOpenHTML," source: file:///D:/Users/ketrao/Downloads/brackets-sprint-12/brackets-sprint-12/brackets/src/utils/ExtensionLoader.js(74)
[0721/162107:INFO:CONSOLE(0)] "[Extension] finished loading extensions/default/QuickOpenJavaScript," source: file:///D:/Users/ketrao/Downloads/brackets-sprint-12/brackets-sprint-12/brackets/src/utils/ExtensionLoader.js(74)
[0721/162107:INFO:CONSOLE(0)] "[Extension] finished loading extensions/user/brackets-recent-projects," source: file:///D:/Users/ketrao/Downloads/brackets-sprint-12/brackets-sprint-12/brackets/src/utils/ExtensionLoader.js(74)
[0721/162107:INFO:CONSOLE(0)] "[Extension] finished loading extensions/default/HTMLCodeHints," source: file:///D:/Users/ketrao/Downloads/brackets-sprint-12/brackets-sprint-12/brackets/src/utils/ExtensionLoader.js(74)
[0724/110729:INFO:CONSOLE(0)] "less: parsed file:///D:/Users/KETRAO/Downloads/brackets-sprint-12/brackets/src/styles/brackets.less successfully.," source: file:///D:/Users/KETRAO/Downloads/brackets-sprint-12/brackets/src/thirdparty/less-1.3.0.min.js(8)
[0724/110729:INFO:CONSOLE(0)] "less: css for file:///D:/Users/KETRAO/Downloads/brackets-sprint-12/brackets/src/styles/brackets.less generated in 125ms," source: file:///D:/Users/KETRAO/Downloads/brackets-sprint-12/brackets/src/thirdparty/less-1.3.0.min.js(8)
[0724/110729:INFO:CONSOLE(0)] "less: css generated in 125ms," source: file:///D:/Users/KETRAO/Downloads/brackets-sprint-12/brackets/src/thirdparty/less-1.3.0.min.js(8)
[0724/110730:INFO:CONSOLE(0)] "[Extension] starting to load extensions/default/HTMLCodeHints," source: file:///D:/Users/KETRAO/Downloads/brackets-sprint-12/brackets/src/utils/ExtensionLoader.js(71)
[0724/110730:INFO:CONSOLE(0)] "[Extension] starting to load extensions/default/JavaScriptQuickEdit," source: file:///D:/Users/KETRAO/Downloads/brackets-sprint-12/brackets/src/utils/ExtensionLoader.js(71)
[0724/110730:INFO:CONSOLE(0)] "[Extension] starting to load extensions/default/QuickOpenCSS," source: file:///D:/Users/KETRAO/Downloads/brackets-sprint-12/brackets/src/utils/ExtensionLoader.js(71)
[0724/110730:INFO:CONSOLE(0)] "[Extension] starting to load extensions/default/QuickOpenHTML," source: file:///D:/Users/KETRAO/Downloads/brackets-sprint-12/brackets/src/utils/ExtensionLoader.js(71)
[0724/110730:INFO:CONSOLE(0)] "[Extension] starting to load extensions/default/QuickOpenJavaScript," source: file:///D:/Users/KETRAO/Downloads/brackets-sprint-12/brackets/src/utils/ExtensionLoader.js(71)
[0724/110730:INFO:CONSOLE(0)] "[Extension] starting to load extensions/user/brackets-recent-projects," source: file:///D:/Users/KETRAO/Downloads/brackets-sprint-12/brackets/src/utils/ExtensionLoader.js(71)
[0724/110730:INFO:CONSOLE(0)] "[Extension] finished loading extensions/default/JavaScriptQuickEdit," source: file:///D:/Users/KETRAO/Downloads/brackets-sprint-12/brackets/src/utils/ExtensionLoader.js(74)
[0724/110730:INFO:CONSOLE(0)] "[Extension] finished loading extensions/default/QuickOpenCSS," source: file:///D:/Users/KETRAO/Downloads/brackets-sprint-12/brackets/src/utils/ExtensionLoader.js(74)
[0724/110730:INFO:CONSOLE(0)] "[Extension] finished loading extensions/default/QuickOpenHTML," source: file:///D:/Users/KETRAO/Downloads/brackets-sprint-12/brackets/src/utils/ExtensionLoader.js(74)
[0724/110730:INFO:CONSOLE(0)] "[Extension] finished loading extensions/default/QuickOpenJavaScript," source: file:///D:/Users/KETRAO/Downloads/brackets-sprint-12/brackets/src/utils/ExtensionLoader.js(74)
[0724/110730:INFO:CONSOLE(0)] "[Extension] finished loading extensions/user/brackets-recent-projects," source: file:///D:/Users/KETRAO/Downloads/brackets-sprint-12/brackets/src/utils/ExtensionLoader.js(74)
[0724/110730:INFO:CONSOLE(0)] "[Extension] finished loading extensions/default/HTMLCodeHints," source: file:///D:/Users/KETRAO/Downloads/brackets-sprint-12/brackets/src/utils/ExtensionLoader.js(74)
